#
# There is insufficient memory for the Java Runtime Environment to continue.
# Native memory allocation (mmap) failed to map 10485760 bytes for G1 virtual space
# Possible reasons:
#   The system is out of physical RAM or swap space
#   The process is running with CompressedOops enabled, and the Java Heap may be blocking the growth of the native heap
# Possible solutions:
#   Reduce memory load on the system
#   Increase physical memory or swap space
#   Check if swap backing store is full
#   Decrease Java heap size (-Xmx/-Xms)
#   Decrease number of Java threads
#   Decrease Java thread stack sizes (-Xss)
#   Set larger code cache with -XX:ReservedCodeCacheSize=
#   JVM is running with Unscaled Compressed Oops mode in which the Java heap is
#     placed in the first 4GB address space. The Java Heap base address is the
#     maximum limit for the native heap growth. Please use -XX:HeapBaseMinAddress
#     to set the Java Heap base and to place the Java Heap above 4GB virtual address.
# This output file may be truncated or incomplete.
#
#  Out of Memory Error (os_windows.cpp:3548), pid=49848, tid=42260
#
# JRE version: Java(TM) SE Runtime Environment (17.0.10+11) (build 17.0.10+11-LTS-240)
# Java VM: Java HotSpot(TM) 64-Bit Server VM (17.0.10+11-LTS-240, mixed mode, sharing, tiered, compressed oops, compressed class ptrs, g1 gc, windows-amd64)
# No core dump will be written. Minidumps are not enabled by default on client versions of Windows
#

---------------  S U M M A R Y ------------

Command Line: -javaagent:C:\Program Files\JetBrains\IntelliJ IDEA Community Edition 2024.2.0.2\lib\idea_rt.jar=51479:C:\Program Files\JetBrains\IntelliJ IDEA Community Edition 2024.2.0.2\bin -Dfile.encoding=UTF-8 com.api.RegistrationApplication

Host: 11th Gen Intel(R) Core(TM) i3-1115G4 @ 3.00GHz, 4 cores, 7G,  Windows 11 , 64 bit Build 22621 (10.0.22621.3672)
Time: Fri Sep 13 15:38:12 2024 India Standard Time elapsed time: 5.817848 seconds (0d 0h 0m 5s)

---------------  T H R E A D  ---------------

Current thread (0x0000018d220e4790):  VMThread "VM Thread" [stack: 0x0000002efab00000,0x0000002efac00000] [id=42260]

Stack: [0x0000002efab00000,0x0000002efac00000]
Native frames: (J=compiled Java code, j=interpreted, Vv=VM code, C=native code)
V  [jvm.dll+0x677a5a]
V  [jvm.dll+0x7d8b2d]
V  [jvm.dll+0x7da48e]
V  [jvm.dll+0x7daaf3]
V  [jvm.dll+0x2455ff]
V  [jvm.dll+0x6749b9]
V  [jvm.dll+0x669382]
V  [jvm.dll+0x302e96]
V  [jvm.dll+0x30a416]
V  [jvm.dll+0x359cbe]
V  [jvm.dll+0x359eef]
V  [jvm.dll+0x2d9e88]
V  [jvm.dll+0x2d8295]
V  [jvm.dll+0x2d789c]
V  [jvm.dll+0x31b18b]
V  [jvm.dll+0x7df30b]
V  [jvm.dll+0x7e0044]
V  [jvm.dll+0x7e055d]
V  [jvm.dll+0x7e0934]
V  [jvm.dll+0x7e0a00]
V  [jvm.dll+0x78888a]
V  [jvm.dll+0x676935]
C  [ucrtbase.dll+0x29333]
C  [KERNEL32.DLL+0x1257d]
C  [ntdll.dll+0x5af28]

VM_Operation (0x0000002efbff8a50): G1CollectForAllocation, mode: safepoint, requested by thread 0x0000018d22b83370


---------------  P R O C E S S  ---------------

Threads class SMR info:
_java_thread_list=0x0000018d69401060, length=21, elements={
0x0000018d02af9490, 0x0000018d220e8dd0, 0x0000018d220ebf40, 0x0000018d220fd8a0,
0x0000018d22100270, 0x0000018d22101c40, 0x0000018d221033b0, 0x0000018d22104150,
0x0000018d221057b0, 0x0000018d22109e50, 0x0000018d220d3210, 0x0000018d22679ad0,
0x0000018d22491190, 0x0000018d22e55000, 0x0000018d22b83370, 0x0000018d68f139c0,
0x0000018d68f13ed0, 0x0000018d68f15310, 0x0000018d68f143e0, 0x0000018d68f15820,
0x0000018d68f16240
}

Java Threads: ( => current thread )
  0x0000018d02af9490 JavaThread "main" [_thread_blocked, id=49036, stack(0x0000002efa500000,0x0000002efa600000)]
  0x0000018d220e8dd0 JavaThread "Reference Handler" daemon [_thread_blocked, id=48404, stack(0x0000002efac00000,0x0000002efad00000)]
  0x0000018d220ebf40 JavaThread "Finalizer" daemon [_thread_blocked, id=11932, stack(0x0000002efad00000,0x0000002efae00000)]
  0x0000018d220fd8a0 JavaThread "Signal Dispatcher" daemon [_thread_blocked, id=48452, stack(0x0000002efae00000,0x0000002efaf00000)]
  0x0000018d22100270 JavaThread "Attach Listener" daemon [_thread_blocked, id=52976, stack(0x0000002efaf00000,0x0000002efb000000)]
  0x0000018d22101c40 JavaThread "Service Thread" daemon [_thread_blocked, id=20280, stack(0x0000002efb000000,0x0000002efb100000)]
  0x0000018d221033b0 JavaThread "Monitor Deflation Thread" daemon [_thread_blocked, id=49824, stack(0x0000002efb100000,0x0000002efb200000)]
  0x0000018d22104150 JavaThread "C2 CompilerThread0" daemon [_thread_blocked, id=40652, stack(0x0000002efb200000,0x0000002efb300000)]
  0x0000018d221057b0 JavaThread "C1 CompilerThread0" daemon [_thread_blocked, id=35400, stack(0x0000002efb300000,0x0000002efb400000)]
  0x0000018d22109e50 JavaThread "Sweeper thread" daemon [_thread_blocked, id=47464, stack(0x0000002efb400000,0x0000002efb500000)]
  0x0000018d220d3210 JavaThread "Common-Cleaner" daemon [_thread_blocked, id=54236, stack(0x0000002efb500000,0x0000002efb600000)]
  0x0000018d22679ad0 JavaThread "Monitor Ctrl-Break" daemon [_thread_in_native, id=45436, stack(0x0000002efb800000,0x0000002efb900000)]
  0x0000018d22491190 JavaThread "Notification Thread" daemon [_thread_blocked, id=18196, stack(0x0000002efb900000,0x0000002efba00000)]
  0x0000018d22e55000 JavaThread "Thread-0" [_thread_blocked, id=54176, stack(0x0000002efbe00000,0x0000002efbf00000)]
  0x0000018d22b83370 JavaThread "restartedMain" [_thread_blocked, id=53440, stack(0x0000002efbf00000,0x0000002efc000000)]
  0x0000018d68f139c0 JavaThread "Catalina-utility-1" [_thread_blocked, id=22544, stack(0x0000002efc000000,0x0000002efc100000)]
  0x0000018d68f13ed0 JavaThread "Catalina-utility-2" [_thread_blocked, id=54136, stack(0x0000002efc100000,0x0000002efc200000)]
  0x0000018d68f15310 JavaThread "container-0" [_thread_blocked, id=36996, stack(0x0000002efc200000,0x0000002efc300000)]
  0x0000018d68f143e0 JavaThread "mysql-cj-abandoned-connection-cleanup" daemon [_thread_blocked, id=25460, stack(0x0000002efc300000,0x0000002efc400000)]
  0x0000018d68f15820 JavaThread "HikariPool-1 housekeeper" daemon [_thread_blocked, id=23756, stack(0x0000002efc500000,0x0000002efc600000)]
  0x0000018d68f16240 JavaThread "HikariPool-1 connection adder" daemon [_thread_blocked, id=15940, stack(0x0000002efc600000,0x0000002efc700000)]

Other Threads:
=>0x0000018d220e4790 VMThread "VM Thread" [stack: 0x0000002efab00000,0x0000002efac00000] [id=42260]
  0x0000018d224d5210 WatcherThread [stack: 0x0000002efba00000,0x0000002efbb00000] [id=52712]
  0x0000018d02b52630 GCTaskThread "GC Thread#0" [stack: 0x0000002efa600000,0x0000002efa700000] [id=34852]
  0x0000018d22cd6c50 GCTaskThread "GC Thread#1" [stack: 0x0000002efbb00000,0x0000002efbc00000] [id=53976]
  0x0000018d22bd7d40 GCTaskThread "GC Thread#2" [stack: 0x0000002efbc00000,0x0000002efbd00000] [id=14756]
  0x0000018d22bd8000 GCTaskThread "GC Thread#3" [stack: 0x0000002efbd00000,0x0000002efbe00000] [id=50304]
  0x0000018d02b62c00 ConcurrentGCThread "G1 Main Marker" [stack: 0x0000002efa700000,0x0000002efa800000] [id=39672]
  0x0000018d02b63610 ConcurrentGCThread "G1 Conc#0" [stack: 0x0000002efa800000,0x0000002efa900000] [id=39696]
  0x0000018d02bb9470 ConcurrentGCThread "G1 Refine#0" [stack: 0x0000002efa900000,0x0000002efaa00000] [id=49900]
  0x0000018d21f914a0 ConcurrentGCThread "G1 Service" [stack: 0x0000002efaa00000,0x0000002efab00000] [id=47356]

Threads with active compile tasks:
C2 CompilerThread0     5838 5008       4       jdk.internal.org.objectweb.asm.Frame::merge (395 bytes)

VM state: at safepoint (normal execution)

VM Mutex/Monitor currently owned by a thread:  ([mutex/lock_event])
[0x0000018d02af4a90] Threads_lock - owner thread: 0x0000018d220e4790
[0x0000018d02af5c90] Heap_lock - owner thread: 0x0000018d22b83370

Heap address: 0x0000000084c00000, size: 1972 MB, Compressed Oops mode: 32-bit

CDS archive(s) mapped at: [0x0000018d23000000-0x0000018d23bd0000-0x0000018d23bd0000), size 12386304, SharedBaseAddress: 0x0000018d23000000, ArchiveRelocationMode: 1.
Compressed class space mapped at: 0x0000018d24000000-0x0000018d64000000, reserved size: 1073741824
Narrow klass base: 0x0000018d23000000, Narrow klass shift: 0, Narrow klass range: 0x100000000

GC Precious Log:
 CPUs: 4 total, 4 available
 Memory: 7886M
 Large Page Support: Disabled
 NUMA Support: Disabled
 Compressed Oops: Enabled (32-bit)
 Heap Region Size: 1M
 Heap Min Capacity: 8M
 Heap Initial Capacity: 124M
 Heap Max Capacity: 1972M
 Pre-touch: Disabled
 Parallel Workers: 4
 Concurrent Workers: 1
 Concurrent Refinement Workers: 4
 Periodic GC: Disabled

Heap:
 garbage-first heap   total 51200K, used 22472K [0x0000000084c00000, 0x0000000100000000)
  region size 1024K, 2 young (2048K), 2 survivors (2048K)
 Metaspace       used 54038K, committed 54464K, reserved 1114112K
  class space    used 7250K, committed 7424K, reserved 1048576K

Heap Regions: E=young(eden), S=young(survivor), O=old, HS=humongous(starts), HC=humongous(continues), CS=collection set, F=free, OA=open archive, CA=closed archive, TAMS=top-at-mark-start (previous, next)
|   0|0x0000000084c00000, 0x0000000084d00000, 0x0000000084d00000|100%|HS|  |TAMS 0x0000000084d00000, 0x0000000084c00000| Complete 
|   1|0x0000000084d00000, 0x0000000084e00000, 0x0000000084e00000|100%| O|  |TAMS 0x0000000084e00000, 0x0000000084d00000| Untracked 
|   2|0x0000000084e00000, 0x0000000084f00000, 0x0000000084f00000|100%| O|  |TAMS 0x0000000084f00000, 0x0000000084e00000| Untracked 
|   3|0x0000000084f00000, 0x0000000085000000, 0x0000000085000000|100%| O|  |TAMS 0x0000000085000000, 0x0000000084f00000| Untracked 
|   4|0x0000000085000000, 0x0000000085100000, 0x0000000085100000|100%| O|  |TAMS 0x0000000085100000, 0x0000000085000000| Untracked 
|   5|0x0000000085100000, 0x0000000085200000, 0x0000000085200000|100%| O|  |TAMS 0x0000000085200000, 0x0000000085100000| Untracked 
|   6|0x0000000085200000, 0x0000000085300000, 0x0000000085300000|100%| O|  |TAMS 0x0000000085200000, 0x0000000085200000| Untracked 
|   7|0x0000000085300000, 0x0000000085400000, 0x0000000085400000|100%| O|  |TAMS 0x0000000085400000, 0x0000000085300000| Untracked 
|   8|0x0000000085400000, 0x0000000085500000, 0x0000000085500000|100%| O|  |TAMS 0x0000000085500000, 0x0000000085400000| Untracked 
|   9|0x0000000085500000, 0x0000000085600000, 0x0000000085600000|100%| O|  |TAMS 0x0000000085600000, 0x0000000085500000| Untracked 
|  10|0x0000000085600000, 0x0000000085700000, 0x0000000085700000|100%| O|  |TAMS 0x0000000085700000, 0x0000000085600000| Untracked 
|  11|0x0000000085700000, 0x0000000085800000, 0x0000000085800000|100%| O|  |TAMS 0x0000000085800000, 0x0000000085700000| Untracked 
|  12|0x0000000085800000, 0x0000000085900000, 0x0000000085900000|100%| O|  |TAMS 0x0000000085900000, 0x0000000085800000| Untracked 
|  13|0x0000000085900000, 0x0000000085a00000, 0x0000000085a00000|100%| O|  |TAMS 0x0000000085a00000, 0x0000000085900000| Untracked 
|  14|0x0000000085a00000, 0x0000000085b00000, 0x0000000085b00000|100%| O|  |TAMS 0x0000000085b00000, 0x0000000085a00000| Untracked 
|  15|0x0000000085b00000, 0x0000000085c00000, 0x0000000085c00000|100%| O|  |TAMS 0x0000000085c00000, 0x0000000085b00000| Untracked 
|  16|0x0000000085c00000, 0x0000000085d00000, 0x0000000085d00000|100%| O|  |TAMS 0x0000000085c00000, 0x0000000085c00000| Untracked 
|  17|0x0000000085d00000, 0x0000000085e00000, 0x0000000085e00000|100%| O|  |TAMS 0x0000000085d00000, 0x0000000085d00000| Untracked 
|  18|0x0000000085e00000, 0x0000000085f00000, 0x0000000085f00000|100%| O|  |TAMS 0x0000000085e00000, 0x0000000085e00000| Untracked 
|  19|0x0000000085f00000, 0x0000000085ffd200, 0x0000000086000000| 98%| O|  |TAMS 0x0000000085f00000, 0x0000000085f00000| Untracked 
|  20|0x0000000086000000, 0x0000000086000000, 0x0000000086100000|  0%| F|  |TAMS 0x0000000086000000, 0x0000000086000000| Untracked 
|  21|0x0000000086100000, 0x0000000086100000, 0x0000000086200000|  0%| F|  |TAMS 0x0000000086100000, 0x0000000086100000| Untracked 
|  22|0x0000000086200000, 0x0000000086200000, 0x0000000086300000|  0%| F|  |TAMS 0x0000000086200000, 0x0000000086200000| Untracked 
|  23|0x0000000086300000, 0x0000000086300000, 0x0000000086400000|  0%| F|  |TAMS 0x0000000086300000, 0x0000000086300000| Untracked 
|  24|0x0000000086400000, 0x0000000086400000, 0x0000000086500000|  0%| F|  |TAMS 0x0000000086400000, 0x0000000086400000| Untracked 
|  25|0x0000000086500000, 0x0000000086500000, 0x0000000086600000|  0%| F|  |TAMS 0x0000000086500000, 0x0000000086500000| Untracked 
|  26|0x0000000086600000, 0x0000000086600000, 0x0000000086700000|  0%| F|  |TAMS 0x0000000086600000, 0x0000000086600000| Untracked 
|  27|0x0000000086700000, 0x0000000086700000, 0x0000000086800000|  0%| F|  |TAMS 0x0000000086700000, 0x0000000086700000| Untracked 
|  28|0x0000000086800000, 0x0000000086800000, 0x0000000086900000|  0%| F|  |TAMS 0x0000000086800000, 0x0000000086800000| Untracked 
|  29|0x0000000086900000, 0x00000000869f51f0, 0x0000000086a00000| 95%| S|CS|TAMS 0x0000000086900000, 0x0000000086900000| Complete 
|  30|0x0000000086a00000, 0x0000000086a00000, 0x0000000086b00000|  0%| F|  |TAMS 0x0000000086a00000, 0x0000000086a00000| Untracked 
|  31|0x0000000086b00000, 0x0000000086b00000, 0x0000000086c00000|  0%| F|  |TAMS 0x0000000086b00000, 0x0000000086b00000| Untracked 
|  32|0x0000000086c00000, 0x0000000086d00000, 0x0000000086d00000|100%| S|CS|TAMS 0x0000000086c00000, 0x0000000086c00000| Complete 
|  33|0x0000000086d00000, 0x0000000086d00000, 0x0000000086e00000|  0%| F|  |TAMS 0x0000000086d00000, 0x0000000086d00000| Untracked 
|  34|0x0000000086e00000, 0x0000000086e00000, 0x0000000086f00000|  0%| F|  |TAMS 0x0000000086e00000, 0x0000000086e00000| Untracked 
|  35|0x0000000086f00000, 0x0000000086f00000, 0x0000000087000000|  0%| F|  |TAMS 0x0000000086f00000, 0x0000000086f00000| Untracked 
|  36|0x0000000087000000, 0x0000000087000000, 0x0000000087100000|  0%| F|  |TAMS 0x0000000087000000, 0x0000000087000000| Untracked 
|  37|0x0000000087100000, 0x0000000087100000, 0x0000000087200000|  0%| F|  |TAMS 0x0000000087100000, 0x0000000087100000| Untracked 
|  38|0x0000000087200000, 0x0000000087200000, 0x0000000087300000|  0%| F|  |TAMS 0x0000000087200000, 0x0000000087200000| Untracked 
|  39|0x0000000087300000, 0x0000000087300000, 0x0000000087400000|  0%| F|  |TAMS 0x0000000087300000, 0x0000000087300000| Untracked 
|  40|0x0000000087400000, 0x0000000087400000, 0x0000000087500000|  0%| F|  |TAMS 0x0000000087400000, 0x0000000087400000| Untracked 
|  41|0x0000000087500000, 0x0000000087500000, 0x0000000087600000|  0%| F|  |TAMS 0x0000000087500000, 0x0000000087500000| Untracked 
|  60|0x0000000088800000, 0x0000000088800000, 0x0000000088900000|  0%| F|  |TAMS 0x0000000088800000, 0x0000000088800000| Untracked 
|  61|0x0000000088900000, 0x0000000088900000, 0x0000000088a00000|  0%| F|  |TAMS 0x0000000088900000, 0x0000000088900000| Untracked 
|  62|0x0000000088a00000, 0x0000000088a00000, 0x0000000088b00000|  0%| F|  |TAMS 0x0000000088a00000, 0x0000000088a00000| Untracked 
|  63|0x0000000088b00000, 0x0000000088b00000, 0x0000000088c00000|  0%| F|  |TAMS 0x0000000088b00000, 0x0000000088b00000| Untracked 
|  64|0x0000000088c00000, 0x0000000088c00000, 0x0000000088d00000|  0%| F|  |TAMS 0x0000000088c00000, 0x0000000088c00000| Untracked 
|  65|0x0000000088d00000, 0x0000000088d00000, 0x0000000088e00000|  0%| F|  |TAMS 0x0000000088d00000, 0x0000000088d00000| Untracked 
|  66|0x0000000088e00000, 0x0000000088e00000, 0x0000000088f00000|  0%| F|  |TAMS 0x0000000088e00000, 0x0000000088e00000| Untracked 
| 123|0x000000008c700000, 0x000000008c700000, 0x000000008c800000|  0%| F|  |TAMS 0x000000008c700000, 0x000000008c700000| Untracked 

Card table byte_map: [0x0000018d1b590000,0x0000018d1b970000] _byte_map_base: 0x0000018d1b16a000

Marking Bits (Prev, Next): (CMBitMap*) 0x0000018d02b52c50, (CMBitMap*) 0x0000018d02b52c90
 Prev Bits: [0x0000018d1bd50000, 0x0000018d1dc20000)
 Next Bits: [0x0000018d1dc20000, 0x0000018d1faf0000)

Polling page: 0x0000018d02bc0000

Metaspace:

Usage:
  Non-class:     45.69 MB used.
      Class:      7.08 MB used.
       Both:     52.77 MB used.

Virtual space:
  Non-class space:       64.00 MB reserved,      45.94 MB ( 72%) committed,  1 nodes.
      Class space:        1.00 GB reserved,       7.25 MB ( <1%) committed,  1 nodes.
             Both:        1.06 GB reserved,      53.19 MB (  5%) committed. 

Chunk freelists:
   Non-Class:  1.45 MB
       Class:  8.56 MB
        Both:  10.02 MB

MaxMetaspaceSize: unlimited
CompressedClassSpaceSize: 1.00 GB
Initial GC threshold: 21.00 MB
Current GC threshold: 59.06 MB
CDS: on
MetaspaceReclaimPolicy: balanced
 - commit_granule_bytes: 65536.
 - commit_granule_words: 8192.
 - virtual_space_node_default_size: 8388608.
 - enlarge_chunks_in_place: 1.
 - new_chunks_are_fully_committed: 0.
 - uncommit_free_chunks: 1.
 - use_allocation_guard: 0.
 - handle_deallocations: 1.


Internal statistics:

num_allocs_failed_limit: 6.
num_arena_births: 608.
num_arena_deaths: 0.
num_vsnodes_births: 2.
num_vsnodes_deaths: 0.
num_space_committed: 851.
num_space_uncommitted: 0.
num_chunks_returned_to_freelist: 6.
num_chunks_taken_from_freelist: 2435.
num_chunk_merges: 6.
num_chunk_splits: 1764.
num_chunks_enlarged: 1374.
num_inconsistent_stats: 0.

CodeHeap 'non-profiled nmethods': size=120000Kb used=2944Kb max_used=2944Kb free=117055Kb
 bounds [0x0000018d13660000, 0x0000018d13950000, 0x0000018d1ab90000]
CodeHeap 'profiled nmethods': size=120000Kb used=10731Kb max_used=10731Kb free=109268Kb
 bounds [0x0000018d0bb90000, 0x0000018d0c610000, 0x0000018d130c0000]
CodeHeap 'non-nmethods': size=5760Kb used=1318Kb max_used=1364Kb free=4442Kb
 bounds [0x0000018d130c0000, 0x0000018d13330000, 0x0000018d13660000]
 total_blobs=5643 nmethods=5016 adapters=539
 compilation: enabled
              stopped_count=0, restarted_count=0
 full_count=0

Compilation events (20 events):
Event: 5.805 Thread 0x0000018d221057b0 5010       3       net.bytebuddy.description.method.MethodDescription$AbstractBase::asTypeToken (31 bytes)
Event: 5.806 Thread 0x0000018d221057b0 nmethod 5010 0x0000018d0c606490 code [0x0000018d0c6066a0, 0x0000018d0c606d68]
Event: 5.806 Thread 0x0000018d221057b0 5013       3       net.bytebuddy.description.method.MethodDescription$TypeSubstituting::getReturnType (22 bytes)
Event: 5.806 Thread 0x0000018d221057b0 nmethod 5013 0x0000018d0c606f90 code [0x0000018d0c607160, 0x0000018d0c607518]
Event: 5.806 Thread 0x0000018d221057b0 5011       3       net.bytebuddy.description.method.MethodDescription$TypeToken::<init> (15 bytes)
Event: 5.806 Thread 0x0000018d221057b0 nmethod 5011 0x0000018d0c607610 code [0x0000018d0c6077c0, 0x0000018d0c6079d8]
Event: 5.806 Thread 0x0000018d221057b0 5012       3       net.bytebuddy.dynamic.scaffold.MethodGraph$Compiler$Default$Key::<init> (15 bytes)
Event: 5.806 Thread 0x0000018d221057b0 nmethod 5012 0x0000018d0c607a90 code [0x0000018d0c607c20, 0x0000018d0c607dd8]
Event: 5.806 Thread 0x0000018d221057b0 5015       3       net.bytebuddy.description.method.ParameterList$AbstractBase::asTypeList (61 bytes)
Event: 5.807 Thread 0x0000018d221057b0 nmethod 5015 0x0000018d0c607e90 code [0x0000018d0c608140, 0x0000018d0c6092b8]
Event: 5.807 Thread 0x0000018d221057b0 5014       3       java.util.HashMap::values (25 bytes)
Event: 5.807 Thread 0x0000018d221057b0 nmethod 5014 0x0000018d0c609810 code [0x0000018d0c6099c0, 0x0000018d0c609d38]
Event: 5.807 Thread 0x0000018d221057b0 5016       1       net.bytebuddy.dynamic.scaffold.MethodGraph$Compiler$Default$Key$Store$Entry$Resolved$Node::getRepresentative (5 bytes)
Event: 5.807 Thread 0x0000018d221057b0 nmethod 5016 0x0000018d13940010 code [0x0000018d139401a0, 0x0000018d13940278]
Event: 5.808 Thread 0x0000018d221057b0 5018       3       net.bytebuddy.description.type.TypeDescription$ForLoadedType::isArray (8 bytes)
Event: 5.808 Thread 0x0000018d221057b0 nmethod 5018 0x0000018d0c609e90 code [0x0000018d0c60a040, 0x0000018d0c60a188]
Event: 5.809 Thread 0x0000018d221057b0 5019       3       net.bytebuddy.description.type.TypeDescription$Generic$OfNonGenericType$ForLoadedType::represents (22 bytes)
Event: 5.810 Thread 0x0000018d221057b0 nmethod 5019 0x0000018d0c60a290 code [0x0000018d0c60a460, 0x0000018d0c60a7d8]
Event: 5.810 Thread 0x0000018d221057b0 5020       3       net.bytebuddy.description.method.MethodDescription$ForLoadedMethod::getInternalName (11 bytes)
Event: 5.810 Thread 0x0000018d221057b0 nmethod 5020 0x0000018d0c60a910 code [0x0000018d0c60aaa0, 0x0000018d0c60acd8]

GC Heap History (20 events):
Event: 0.761 GC heap after
{Heap after GC invocations=2 (full 0):
 garbage-first heap   total 126976K, used 7294K [0x0000000084c00000, 0x0000000100000000)
  region size 1024K, 1 young (1024K), 1 survivors (1024K)
 Metaspace       used 6249K, committed 6400K, reserved 1114112K
  class space    used 726K, committed 768K, reserved 1048576K
}
Event: 1.195 GC heap before
{Heap before GC invocations=2 (full 0):
 garbage-first heap   total 126976K, used 31870K [0x0000000084c00000, 0x0000000100000000)
  region size 1024K, 26 young (26624K), 1 survivors (1024K)
 Metaspace       used 12535K, committed 12736K, reserved 1114112K
  class space    used 1488K, committed 1600K, reserved 1048576K
}
Event: 1.200 GC heap after
{Heap after GC invocations=3 (full 0):
 garbage-first heap   total 126976K, used 9693K [0x0000000084c00000, 0x0000000100000000)
  region size 1024K, 4 young (4096K), 4 survivors (4096K)
 Metaspace       used 12535K, committed 12736K, reserved 1114112K
  class space    used 1488K, committed 1600K, reserved 1048576K
}
Event: 2.368 GC heap before
{Heap before GC invocations=3 (full 0):
 garbage-first heap   total 126976K, used 61917K [0x0000000084c00000, 0x0000000100000000)
  region size 1024K, 57 young (58368K), 4 survivors (4096K)
 Metaspace       used 21236K, committed 21504K, reserved 1114112K
  class space    used 2606K, committed 2752K, reserved 1048576K
}
Event: 2.376 GC heap after
{Heap after GC invocations=4 (full 0):
 garbage-first heap   total 126976K, used 13548K [0x0000000084c00000, 0x0000000100000000)
  region size 1024K, 7 young (7168K), 7 survivors (7168K)
 Metaspace       used 21236K, committed 21504K, reserved 1114112K
  class space    used 2606K, committed 2752K, reserved 1048576K
}
Event: 3.116 GC heap before
{Heap before GC invocations=5 (full 0):
 garbage-first heap   total 51200K, used 37100K [0x0000000084c00000, 0x0000000100000000)
  region size 1024K, 30 young (30720K), 7 survivors (7168K)
 Metaspace       used 25185K, committed 25536K, reserved 1114112K
  class space    used 3202K, committed 3392K, reserved 1048576K
}
Event: 3.131 GC heap after
{Heap after GC invocations=6 (full 0):
 garbage-first heap   total 51200K, used 16141K [0x0000000084c00000, 0x0000000100000000)
  region size 1024K, 3 young (3072K), 3 survivors (3072K)
 Metaspace       used 25185K, committed 25536K, reserved 1114112K
  class space    used 3202K, committed 3392K, reserved 1048576K
}
Event: 3.155 GC heap before
{Heap before GC invocations=6 (full 0):
 garbage-first heap   total 51200K, used 17165K [0x0000000084c00000, 0x0000000100000000)
  region size 1024K, 4 young (4096K), 3 survivors (3072K)
 Metaspace       used 25352K, committed 25728K, reserved 1114112K
  class space    used 3244K, committed 3392K, reserved 1048576K
}
Event: 3.159 GC heap after
{Heap after GC invocations=7 (full 0):
 garbage-first heap   total 51200K, used 15840K [0x0000000084c00000, 0x0000000100000000)
  region size 1024K, 1 young (1024K), 1 survivors (1024K)
 Metaspace       used 25352K, committed 25728K, reserved 1114112K
  class space    used 3244K, committed 3392K, reserved 1048576K
}
Event: 3.626 GC heap before
{Heap before GC invocations=7 (full 0):
 garbage-first heap   total 51200K, used 35296K [0x0000000084c00000, 0x0000000100000000)
  region size 1024K, 20 young (20480K), 1 survivors (1024K)
 Metaspace       used 28788K, committed 29248K, reserved 1114112K
  class space    used 3664K, committed 3904K, reserved 1048576K
}
Event: 3.630 GC heap after
{Heap after GC invocations=8 (full 0):
 garbage-first heap   total 51200K, used 16897K [0x0000000084c00000, 0x0000000100000000)
  region size 1024K, 2 young (2048K), 2 survivors (2048K)
 Metaspace       used 28788K, committed 29248K, reserved 1114112K
  class space    used 3664K, committed 3904K, reserved 1048576K
}
Event: 4.120 GC heap before
{Heap before GC invocations=8 (full 0):
 garbage-first heap   total 51200K, used 37377K [0x0000000084c00000, 0x0000000100000000)
  region size 1024K, 22 young (22528K), 2 survivors (2048K)
 Metaspace       used 33493K, committed 33984K, reserved 1114112K
  class space    used 4346K, committed 4544K, reserved 1048576K
}
Event: 4.124 GC heap after
{Heap after GC invocations=9 (full 0):
 garbage-first heap   total 51200K, used 17898K [0x0000000084c00000, 0x0000000100000000)
  region size 1024K, 3 young (3072K), 3 survivors (3072K)
 Metaspace       used 33493K, committed 33984K, reserved 1114112K
  class space    used 4346K, committed 4544K, reserved 1048576K
}
Event: 4.321 GC heap before
{Heap before GC invocations=9 (full 0):
 garbage-first heap   total 51200K, used 26090K [0x0000000084c00000, 0x0000000100000000)
  region size 1024K, 12 young (12288K), 3 survivors (3072K)
 Metaspace       used 35539K, committed 35968K, reserved 1114112K
  class space    used 4728K, committed 4928K, reserved 1048576K
}
Event: 4.325 GC heap after
{Heap after GC invocations=10 (full 0):
 garbage-first heap   total 51200K, used 18496K [0x0000000084c00000, 0x0000000100000000)
  region size 1024K, 2 young (2048K), 2 survivors (2048K)
 Metaspace       used 35539K, committed 35968K, reserved 1114112K
  class space    used 4728K, committed 4928K, reserved 1048576K
}
Event: 4.946 GC heap before
{Heap before GC invocations=11 (full 0):
 garbage-first heap   total 51200K, used 38976K [0x0000000084c00000, 0x0000000100000000)
  region size 1024K, 22 young (22528K), 2 survivors (2048K)
 Metaspace       used 44718K, committed 45184K, reserved 1114112K
  class space    used 5852K, committed 6080K, reserved 1048576K
}
Event: 4.950 GC heap after
{Heap after GC invocations=12 (full 0):
 garbage-first heap   total 51200K, used 20487K [0x0000000084c00000, 0x0000000100000000)
  region size 1024K, 3 young (3072K), 3 survivors (3072K)
 Metaspace       used 44718K, committed 45184K, reserved 1114112K
  class space    used 5852K, committed 6080K, reserved 1048576K
}
Event: 5.377 GC heap before
{Heap before GC invocations=12 (full 0):
 garbage-first heap   total 51200K, used 37895K [0x0000000084c00000, 0x0000000100000000)
  region size 1024K, 21 young (21504K), 3 survivors (3072K)
 Metaspace       used 48665K, committed 49088K, reserved 1114112K
  class space    used 6327K, committed 6528K, reserved 1048576K
}
Event: 5.384 GC heap after
{Heap after GC invocations=13 (full 0):
 garbage-first heap   total 51200K, used 21912K [0x0000000084c00000, 0x0000000100000000)
  region size 1024K, 2 young (2048K), 2 survivors (2048K)
 Metaspace       used 48665K, committed 49088K, reserved 1114112K
  class space    used 6327K, committed 6528K, reserved 1048576K
}
Event: 5.811 GC heap before
{Heap before GC invocations=13 (full 0):
 garbage-first heap   total 51200K, used 38296K [0x0000000084c00000, 0x0000000100000000)
  region size 1024K, 19 young (19456K), 2 survivors (2048K)
 Metaspace       used 54038K, committed 54464K, reserved 1114112K
  class space    used 7250K, committed 7424K, reserved 1048576K
}

Deoptimization events (20 events):
Event: 4.914 Thread 0x0000018d68f16240 DEOPT PACKING pc=0x0000018d0c4b193e sp=0x0000002efc6fde30
Event: 4.914 Thread 0x0000018d68f16240 DEOPT UNPACKING pc=0x0000018d131166e3 sp=0x0000002efc6fd260 mode 0
Event: 5.129 Thread 0x0000018d22b83370 Uncommon trap: trap_request=0xffffff45 fr.pc=0x0000018d138232f4 relative=0x0000000000000074
Event: 5.129 Thread 0x0000018d22b83370 Uncommon trap: reason=unstable_if action=reinterpret pc=0x0000018d138232f4 method=jdk.internal.misc.Unsafe.convEndian(ZI)I @ 4 c2
Event: 5.129 Thread 0x0000018d22b83370 DEOPT PACKING pc=0x0000018d138232f4 sp=0x0000002efbffc610
Event: 5.129 Thread 0x0000018d22b83370 DEOPT UNPACKING pc=0x0000018d13115ba3 sp=0x0000002efbffc518 mode 2
Event: 5.129 Thread 0x0000018d22b83370 Uncommon trap: trap_request=0xffffff45 fr.pc=0x0000018d138238b8 relative=0x0000000000000038
Event: 5.129 Thread 0x0000018d22b83370 Uncommon trap: reason=unstable_if action=reinterpret pc=0x0000018d138238b8 method=jdk.internal.misc.Unsafe.convEndian(ZI)I @ 4 c2
Event: 5.129 Thread 0x0000018d22b83370 DEOPT PACKING pc=0x0000018d138238b8 sp=0x0000002efbffc570
Event: 5.129 Thread 0x0000018d22b83370 DEOPT UNPACKING pc=0x0000018d13115ba3 sp=0x0000002efbffc508 mode 2
Event: 5.175 Thread 0x0000018d68f16240 DEOPT PACKING pc=0x0000018d0c4bc32d sp=0x0000002efc6fe110
Event: 5.175 Thread 0x0000018d68f16240 DEOPT UNPACKING pc=0x0000018d131166e3 sp=0x0000002efc6fd598 mode 0
Event: 5.756 Thread 0x0000018d22b83370 Uncommon trap: trap_request=0xffffff45 fr.pc=0x0000018d13827220 relative=0x0000000000000660
Event: 5.756 Thread 0x0000018d22b83370 Uncommon trap: reason=unstable_if action=reinterpret pc=0x0000018d13827220 method=java.util.HashMap$HashIterator.<init>(Ljava/util/HashMap;)V @ 45 c2
Event: 5.756 Thread 0x0000018d22b83370 DEOPT PACKING pc=0x0000018d13827220 sp=0x0000002efbffbde0
Event: 5.756 Thread 0x0000018d22b83370 DEOPT UNPACKING pc=0x0000018d13115ba3 sp=0x0000002efbffbc70 mode 2
Event: 5.794 Thread 0x0000018d22b83370 Uncommon trap: trap_request=0xffffff45 fr.pc=0x0000018d1384163c relative=0x00000000000008bc
Event: 5.794 Thread 0x0000018d22b83370 Uncommon trap: reason=unstable_if action=reinterpret pc=0x0000018d1384163c method=jdk.internal.org.objectweb.asm.Frame.getAbstractTypeFromDescriptor(Ljdk/internal/org/objectweb/asm/SymbolTable;Ljava/lang/String;I)I @ 189 c2
Event: 5.794 Thread 0x0000018d22b83370 DEOPT PACKING pc=0x0000018d1384163c sp=0x0000002efbffab00
Event: 5.794 Thread 0x0000018d22b83370 DEOPT UNPACKING pc=0x0000018d13115ba3 sp=0x0000002efbffaac0 mode 2

Classes unloaded (0 events):
No events

Classes redefined (0 events):
No events

Internal exceptions (20 events):
Event: 3.437 Thread 0x0000018d22b83370 Exception <a 'sun/nio/fs/WindowsException'{0x00000000871374f0}> (0x00000000871374f0) 
thrown [s\open\src\hotspot\share\prims\jni.cpp, line 516]
Event: 3.438 Thread 0x0000018d22b83370 Exception <a 'sun/nio/fs/WindowsException'{0x000000008713cf98}> (0x000000008713cf98) 
thrown [s\open\src\hotspot\share\prims\jni.cpp, line 516]
Event: 3.438 Thread 0x0000018d22b83370 Exception <a 'sun/nio/fs/WindowsException'{0x000000008713d690}> (0x000000008713d690) 
thrown [s\open\src\hotspot\share\prims\jni.cpp, line 516]
Event: 3.466 Thread 0x0000018d22b83370 Exception <a 'java/lang/NoSuchMethodError'{0x0000000087082c40}: 'java.lang.Object java.lang.invoke.DirectMethodHandle$Holder.invokeSpecial(java.lang.Object, java.lang.Object, long, java.lang.Object, java.lang.Object, java.lang.Object, java.lang.Object, java.lang.Object, java.lang.Object)'> (0x0000000087082c40) 
thrown [s\open\src\hotspot\share\interpreter\linkResolver.cpp, line 759]
Event: 3.466 Thread 0x0000018d22b83370 Exception <a 'java/lang/NoSuchMethodError'{0x0000000087087768}: 'java.lang.Object java.lang.invoke.DelegatingMethodHandle$Holder.reinvoke_L(java.lang.Object, long, java.lang.Object, java.lang.Object, java.lang.Object, java.lang.Object, java.lang.Object, java.lang.Object)'> (0x0000000087087768) 
thrown [s\open\src\hotspot\share\interpreter\linkResolver.cpp, line 759]
Event: 3.484 Thread 0x0000018d22b83370 Implicit null exception at 0x0000018d1370c08c to 0x0000018d1370da9c
Event: 3.497 Thread 0x0000018d22b83370 Exception <a 'java/io/FileNotFoundException'{0x0000000086fcfbc0}> (0x0000000086fcfbc0) 
thrown [s\open\src\hotspot\share\prims\jni.cpp, line 516]
Event: 3.521 Thread 0x0000018d22b83370 Exception <a 'java/lang/NoSuchMethodError'{0x0000000086d2e548}: 'int java.lang.invoke.DirectMethodHandle$Holder.invokeInterface(java.lang.Object, java.lang.Object, java.lang.Object, java.lang.Object)'> (0x0000000086d2e548) 
thrown [s\open\src\hotspot\share\interpreter\linkResolver.cpp, line 759]
Event: 3.575 Thread 0x0000018d22b83370 Exception <a 'java/lang/NoSuchMethodError'{0x0000000086b1b678}: 'long java.lang.invoke.DirectMethodHandle$Holder.invokeVirtual(java.lang.Object, java.lang.Object)'> (0x0000000086b1b678) 
thrown [s\open\src\hotspot\share\interpreter\linkResolver.cpp, line 759]
Event: 3.579 Thread 0x0000018d22b83370 Exception <a 'java/io/FileNotFoundException'{0x0000000086b4a578}> (0x0000000086b4a578) 
thrown [s\open\src\hotspot\share\prims\jni.cpp, line 516]
Event: 3.655 Thread 0x0000018d22b83370 Implicit null exception at 0x0000018d13854a20 to 0x0000018d138551e8
Event: 3.757 Thread 0x0000018d22b83370 Implicit null exception at 0x0000018d137b629f to 0x0000018d137b65f4
Event: 3.762 Thread 0x0000018d22b83370 Exception <a 'sun/nio/fs/WindowsException'{0x0000000088b3d118}> (0x0000000088b3d118) 
thrown [s\open\src\hotspot\share\prims\jni.cpp, line 516]
Event: 4.374 Thread 0x0000018d22b83370 Exception <a 'java/lang/NoSuchMethodError'{0x0000000088e4b430}: 'int java.lang.invoke.DirectMethodHandle$Holder.invokeStatic(java.lang.Object)'> (0x0000000088e4b430) 
thrown [s\open\src\hotspot\share\interpreter\linkResolver.cpp, line 759]
Event: 4.572 Thread 0x0000018d22b83370 Exception <a 'sun/nio/fs/WindowsException'{0x000000008721fb38}> (0x000000008721fb38) 
thrown [s\open\src\hotspot\share\prims\jni.cpp, line 516]
Event: 4.579 Thread 0x0000018d22b83370 Exception <a 'java/lang/NoSuchMethodError'{0x0000000087242a28}: 'int java.lang.invoke.DirectMethodHandle$Holder.invokeStaticInit(java.lang.Object, java.lang.Object, java.lang.Object, java.lang.Object)'> (0x0000000087242a28) 
thrown [s\open\src\hotspot\share\interpreter\linkResolver.cpp, line 759]
Event: 4.865 Thread 0x0000018d22b83370 Exception <a 'java/lang/NoSuchMethodError'{0x0000000086b6f8e0}: 'java.lang.Object java.lang.invoke.DirectMethodHandle$Holder.invokeStaticInit(java.lang.Object, java.lang.Object, java.lang.Object, java.lang.Object)'> (0x0000000086b6f8e0) 
thrown [s\open\src\hotspot\share\interpreter\linkResolver.cpp, line 759]
Event: 5.342 Thread 0x0000018d22b83370 Exception <a 'java/lang/IncompatibleClassChangeError'{0x0000000086db6358}: Found class java.lang.Object, but interface was expected> (0x0000000086db6358) 
thrown [s\open\src\hotspot\share\interpreter\linkResolver.cpp, line 826]
Event: 5.372 Thread 0x0000018d22b83370 Exception <a 'java/lang/NoSuchMethodError'{0x0000000086cef5c8}: 'java.lang.Object java.lang.invoke.DirectMethodHandle$Holder.invokeStatic(java.lang.Object, java.lang.Object, int, java.lang.Object)'> (0x0000000086cef5c8) 
thrown [s\open\src\hotspot\share\interpreter\linkResolver.cpp, line 759]
Event: 5.372 Thread 0x0000018d22b83370 Exception <a 'java/lang/NoSuchMethodError'{0x0000000086cf3060}: 'java.lang.Object java.lang.invoke.DirectMethodHandle$Holder.invokeStaticInit(java.lang.Object, java.lang.Object, int, java.lang.Object)'> (0x0000000086cf3060) 
thrown [s\open\src\hotspot\share\interpreter\linkResolver.cpp, line 759]

VM Operations (20 events):
Event: 4.325 Executing VM operation: CollectForMetadataAllocation done
Event: 4.353 Executing VM operation: G1Concurrent
Event: 4.362 Executing VM operation: G1Concurrent done
Event: 4.374 Executing VM operation: G1Concurrent
Event: 4.374 Executing VM operation: G1Concurrent done
Event: 4.540 Executing VM operation: HandshakeAllThreads
Event: 4.540 Executing VM operation: HandshakeAllThreads done
Event: 4.573 Executing VM operation: HandshakeAllThreads
Event: 4.573 Executing VM operation: HandshakeAllThreads done
Event: 4.577 Executing VM operation: HandshakeAllThreads
Event: 4.577 Executing VM operation: HandshakeAllThreads done
Event: 4.715 Executing VM operation: HandshakeAllThreads
Event: 4.715 Executing VM operation: HandshakeAllThreads done
Event: 4.946 Executing VM operation: G1CollectForAllocation
Event: 4.950 Executing VM operation: G1CollectForAllocation done
Event: 5.374 Executing VM operation: G1CollectForAllocation
Event: 5.385 Executing VM operation: G1CollectForAllocation done
Event: 5.663 Executing VM operation: HandshakeAllThreads
Event: 5.663 Executing VM operation: HandshakeAllThreads done
Event: 5.811 Executing VM operation: G1CollectForAllocation

Events (20 events):
Event: 5.145 loading class java/util/stream/ReduceOps$1ReducingSink done
Event: 5.243 loading class javax/naming/RefAddr
Event: 5.244 loading class javax/naming/RefAddr done
Event: 5.244 loading class javax/naming/StringRefAddr
Event: 5.244 loading class javax/naming/StringRefAddr done
Event: 5.266 loading class java/util/concurrent/CompletionStage
Event: 5.266 loading class java/util/concurrent/CompletionStage done
Event: 5.266 loading class java/util/concurrent/CompletableFuture
Event: 5.267 loading class java/util/concurrent/CompletableFuture done
Event: 5.268 loading class java/util/concurrent/CompletableFuture$AltResult
Event: 5.268 loading class java/util/concurrent/CompletableFuture$AltResult done
Event: 5.268 loading class java/util/concurrent/CompletableFuture$Completion
Event: 5.268 loading class java/util/concurrent/CompletableFuture$AsynchronousCompletionTask
Event: 5.268 loading class java/util/concurrent/CompletableFuture$AsynchronousCompletionTask done
Event: 5.268 loading class java/util/concurrent/CompletableFuture$Completion done
Event: 5.332 loading class java/util/concurrent/CancellationException
Event: 5.332 loading class java/util/concurrent/CancellationException done
Event: 5.762 loading class java/lang/reflect/AnnotatedArrayType
Event: 5.762 loading class java/lang/reflect/AnnotatedArrayType done
Event: 5.805 Thread 0x0000018d22492030 Thread exited: 0x0000018d22492030


Dynamic libraries:
0x00007ff650b80000 - 0x00007ff650b90000 	C:\Program Files\Java\jdk-17\bin\java.exe
0x00007ffe1a830000 - 0x00007ffe1aa47000 	C:\WINDOWS\SYSTEM32\ntdll.dll
0x00007ffe19a20000 - 0x00007ffe19ae4000 	C:\WINDOWS\System32\KERNEL32.DLL
0x00007ffe17d90000 - 0x00007ffe1813d000 	C:\WINDOWS\System32\KERNELBASE.dll
0x00007ffe17bd0000 - 0x00007ffe17ce1000 	C:\WINDOWS\System32\ucrtbase.dll
0x00007ffe10500000 - 0x00007ffe10519000 	C:\Program Files\Java\jdk-17\bin\jli.dll
0x00007ffe19590000 - 0x00007ffe19642000 	C:\WINDOWS\System32\ADVAPI32.dll
0x00007ffe192a0000 - 0x00007ffe19347000 	C:\WINDOWS\System32\msvcrt.dll
0x00007ffe1a620000 - 0x00007ffe1a6c9000 	C:\WINDOWS\System32\sechost.dll
0x00007ffe18230000 - 0x00007ffe18258000 	C:\WINDOWS\System32\bcrypt.dll
0x00007ffe1a6d0000 - 0x00007ffe1a7e4000 	C:\WINDOWS\System32\RPCRT4.dll
0x00007ffe19bd0000 - 0x00007ffe19d7e000 	C:\WINDOWS\System32\USER32.dll
0x00007ffe18200000 - 0x00007ffe18226000 	C:\WINDOWS\System32\win32u.dll
0x00007ffe190b0000 - 0x00007ffe190d9000 	C:\WINDOWS\System32\GDI32.dll
0x00007ffe18450000 - 0x00007ffe18569000 	C:\WINDOWS\System32\gdi32full.dll
0x00007ffe17cf0000 - 0x00007ffe17d8a000 	C:\WINDOWS\System32\msvcp_win.dll
0x00007ffe0bb10000 - 0x00007ffe0bb2b000 	C:\Program Files\Java\jdk-17\bin\VCRUNTIME140.dll
0x00007ffdfca30000 - 0x00007ffdfccc3000 	C:\WINDOWS\WinSxS\amd64_microsoft.windows.common-controls_6595b64144ccf1df_6.0.22621.3672_none_2713b9d173822955\COMCTL32.dll
0x00007ffe07870000 - 0x00007ffe0787a000 	C:\WINDOWS\SYSTEM32\VERSION.dll
0x00007ffe19650000 - 0x00007ffe19681000 	C:\WINDOWS\System32\IMM32.DLL
0x00007ffe148a0000 - 0x00007ffe148ac000 	C:\Program Files\Java\jdk-17\bin\vcruntime140_1.dll
0x00007ffded6d0000 - 0x00007ffded75e000 	C:\Program Files\Java\jdk-17\bin\msvcp140.dll
0x00007ffd8fb40000 - 0x00007ffd9071f000 	C:\Program Files\Java\jdk-17\bin\server\jvm.dll
0x00007ffe18570000 - 0x00007ffe18578000 	C:\WINDOWS\System32\PSAPI.DLL
0x00007ffde2d30000 - 0x00007ffde2d39000 	C:\WINDOWS\SYSTEM32\WSOCK32.dll
0x00007ffe19350000 - 0x00007ffe193c1000 	C:\WINDOWS\System32\WS2_32.dll
0x00007ffe10380000 - 0x00007ffe103b4000 	C:\WINDOWS\SYSTEM32\WINMM.dll
0x00007ffe16b90000 - 0x00007ffe16ba8000 	C:\WINDOWS\SYSTEM32\kernel.appcore.dll
0x00007ffdfeb90000 - 0x00007ffdfeb9a000 	C:\Program Files\Java\jdk-17\bin\jimage.dll
0x00007ffe154f0000 - 0x00007ffe15722000 	C:\WINDOWS\SYSTEM32\DBGHELP.DLL
0x00007ffe19690000 - 0x00007ffe19a18000 	C:\WINDOWS\System32\combase.dll
0x00007ffe190e0000 - 0x00007ffe191b7000 	C:\WINDOWS\System32\OLEAUT32.dll
0x00007ffe0d5a0000 - 0x00007ffe0d5d2000 	C:\WINDOWS\SYSTEM32\dbgcore.DLL
0x00007ffe18260000 - 0x00007ffe182db000 	C:\WINDOWS\System32\bcryptPrimitives.dll
0x00007ffe104f0000 - 0x00007ffe104fe000 	C:\Program Files\Java\jdk-17\bin\instrument.dll
0x00007ffdc9930000 - 0x00007ffdc9955000 	C:\Program Files\Java\jdk-17\bin\java.dll
0x00007ffdc1b90000 - 0x00007ffdc1c67000 	C:\Program Files\Java\jdk-17\bin\jsvml.dll
0x00007ffe186a0000 - 0x00007ffe18eff000 	C:\WINDOWS\System32\SHELL32.dll
0x00007ffe15ab0000 - 0x00007ffe163ac000 	C:\WINDOWS\SYSTEM32\windows.storage.dll
0x00007ffe15970000 - 0x00007ffe15aaf000 	C:\WINDOWS\SYSTEM32\wintypes.dll
0x00007ffe18fb0000 - 0x00007ffe190a4000 	C:\WINDOWS\System32\SHCORE.dll
0x00007ffe19f30000 - 0x00007ffe19f8e000 	C:\WINDOWS\System32\shlwapi.dll
0x00007ffe17a90000 - 0x00007ffe17ab1000 	C:\WINDOWS\SYSTEM32\profapi.dll
0x00007ffdc1440000 - 0x00007ffdc1458000 	C:\Program Files\Java\jdk-17\bin\zip.dll
0x00007ffdc1b70000 - 0x00007ffdc1b89000 	C:\Program Files\Java\jdk-17\bin\net.dll
0x00007ffe13270000 - 0x00007ffe133a6000 	C:\WINDOWS\SYSTEM32\WINHTTP.dll
0x00007ffe17000000 - 0x00007ffe17069000 	C:\WINDOWS\system32\mswsock.dll
0x00007ffdc1ad0000 - 0x00007ffdc1ae6000 	C:\Program Files\Java\jdk-17\bin\nio.dll
0x00007ffe01a30000 - 0x00007ffe01a4a000 	C:\Program Files\JetBrains\IntelliJ IDEA Community Edition 2024.2.0.2\bin\breakgen64.dll
0x00007ffe0e040000 - 0x00007ffe0e04a000 	C:\Program Files\Java\jdk-17\bin\management.dll
0x00007ffe0da90000 - 0x00007ffe0da9b000 	C:\Program Files\Java\jdk-17\bin\management_ext.dll
0x00007ffe017c0000 - 0x00007ffe017ce000 	C:\Program Files\Java\jdk-17\bin\sunmscapi.dll
0x00007ffe182e0000 - 0x00007ffe18447000 	C:\WINDOWS\System32\CRYPT32.dll
0x00007ffe17420000 - 0x00007ffe1744e000 	C:\WINDOWS\SYSTEM32\ncrypt.dll
0x00007ffe173e0000 - 0x00007ffe17417000 	C:\WINDOWS\SYSTEM32\NTASN1.dll
0x00007ffe17260000 - 0x00007ffe1727b000 	C:\WINDOWS\SYSTEM32\CRYPTSP.dll
0x00007ffe16af0000 - 0x00007ffe16b25000 	C:\WINDOWS\system32\rsaenh.dll
0x00007ffe17100000 - 0x00007ffe17128000 	C:\WINDOWS\SYSTEM32\USERENV.dll
0x00007ffe17280000 - 0x00007ffe1728c000 	C:\WINDOWS\SYSTEM32\CRYPTBASE.dll
0x00007ffe16650000 - 0x00007ffe1667d000 	C:\WINDOWS\SYSTEM32\IPHLPAPI.DLL
0x00007ffe18690000 - 0x00007ffe18699000 	C:\WINDOWS\System32\NSI.dll
0x00007ffe11370000 - 0x00007ffe11389000 	C:\WINDOWS\SYSTEM32\dhcpcsvc6.DLL
0x00007ffe11350000 - 0x00007ffe1136f000 	C:\WINDOWS\SYSTEM32\dhcpcsvc.DLL
0x00007ffe16680000 - 0x00007ffe16778000 	C:\WINDOWS\SYSTEM32\DNSAPI.dll
0x00007ffe112a0000 - 0x00007ffe112b0000 	C:\Program Files\Java\jdk-17\bin\verify.dll
0x00007ffe0ec90000 - 0x00007ffe0ec9a000 	C:\Windows\System32\rasadhlp.dll
0x00007ffe10060000 - 0x00007ffe100e3000 	C:\WINDOWS\System32\fwpuclnt.dll

dbghelp: loaded successfully - version: 4.0.5 - missing functions: none
symbol engine: initialized successfully - sym options: 0x614 - pdb path: .;C:\Program Files\Java\jdk-17\bin;C:\WINDOWS\SYSTEM32;C:\WINDOWS\WinSxS\amd64_microsoft.windows.common-controls_6595b64144ccf1df_6.0.22621.3672_none_2713b9d173822955;C:\Program Files\Java\jdk-17\bin\server;C:\Program Files\JetBrains\IntelliJ IDEA Community Edition 2024.2.0.2\bin

VM Arguments:
jvm_args: -javaagent:C:\Program Files\JetBrains\IntelliJ IDEA Community Edition 2024.2.0.2\lib\idea_rt.jar=51479:C:\Program Files\JetBrains\IntelliJ IDEA Community Edition 2024.2.0.2\bin -Dfile.encoding=UTF-8 
java_command: com.api.RegistrationApplication
java_class_path (initial): D:\registration api\registration (1)\registration\target\classes;C:\Users\LAPTOPS24\.m2\repository\org\springframework\boot\spring-boot-starter-data-jpa\3.3.3\spring-boot-starter-data-jpa-3.3.3.jar;C:\Users\LAPTOPS24\.m2\repository\org\springframework\boot\spring-boot-starter-aop\3.3.3\spring-boot-starter-aop-3.3.3.jar;C:\Users\LAPTOPS24\.m2\repository\org\springframework\spring-aop\6.1.12\spring-aop-6.1.12.jar;C:\Users\LAPTOPS24\.m2\repository\org\aspectj\aspectjweaver\1.9.22.1\aspectjweaver-1.9.22.1.jar;C:\Users\LAPTOPS24\.m2\repository\org\springframework\boot\spring-boot-starter-jdbc\3.3.3\spring-boot-starter-jdbc-3.3.3.jar;C:\Users\LAPTOPS24\.m2\repository\com\zaxxer\HikariCP\5.1.0\HikariCP-5.1.0.jar;C:\Users\LAPTOPS24\.m2\repository\org\springframework\spring-jdbc\6.1.12\spring-jdbc-6.1.12.jar;C:\Users\LAPTOPS24\.m2\repository\org\hibernate\orm\hibernate-core\6.5.2.Final\hibernate-core-6.5.2.Final.jar;C:\Users\LAPTOPS24\.m2\repository\jakarta\persistence\jakarta.persistence-api\3.1.0\jakarta.persistence-api-3.1.0.jar;C:\Users\LAPTOPS24\.m2\repository\jakarta\transaction\jakarta.transaction-api\2.0.1\jakarta.transaction-api-2.0.1.jar;C:\Users\LAPTOPS24\.m2\repository\org\jboss\logging\jboss-logging\3.5.3.Final\jboss-logging-3.5.3.Final.jar;C:\Users\LAPTOPS24\.m2\repository\org\hibernate\common\hibernate-commons-annotations\6.0.6.Final\hibernate-commons-annotations-6.0.6.Final.jar;C:\Users\LAPTOPS24\.m2\repository\io\smallrye\jandex\3.1.2\jandex-3.1.2.jar;C:\Users\LAPTOPS24\.m2\repository\com\fasterxml\classmate\1.7.0\classmate-1.7.0.jar;C:\Users\LAPTOPS24\.m2\repository\net\bytebuddy\byte-buddy\1.14.19\byte-buddy-1.14.19.jar;C:\Users\LAPTOPS24\.m2\repository\org\glassfish\jaxb\jaxb-runtime\4.0.5\jaxb-runtime-4.0.5.jar;C:\Users\LAPTOPS24\.m2\repository\org\glassfish\jaxb\jaxb-core\4.0.5\jaxb-core-4.0.5.jar;C:\Users\LAPTOPS24\.m2\repository\org\eclipse\angus\angus-activation\2.0.2\angus-activation-2.0.2.jar;C:\Users\LAPTOPS24\.m2\repo
Launcher Type: SUN_STANDARD

[Global flags]
     intx CICompilerCount                          = 3                                         {product} {ergonomic}
     uint ConcGCThreads                            = 1                                         {product} {ergonomic}
     uint G1ConcRefinementThreads                  = 4                                         {product} {ergonomic}
   size_t G1HeapRegionSize                         = 1048576                                   {product} {ergonomic}
    uintx GCDrainStackTargetSize                   = 64                                        {product} {ergonomic}
   size_t InitialHeapSize                          = 130023424                                 {product} {ergonomic}
   size_t MarkStackSize                            = 4194304                                   {product} {ergonomic}
   size_t MaxHeapSize                              = 2067791872                                {product} {ergonomic}
   size_t MaxNewSize                               = 1240465408                                {product} {ergonomic}
   size_t MinHeapDeltaBytes                        = 1048576                                   {product} {ergonomic}
   size_t MinHeapSize                              = 8388608                                   {product} {ergonomic}
    uintx NonNMethodCodeHeapSize                   = 5832780                                {pd product} {ergonomic}
    uintx NonProfiledCodeHeapSize                  = 122912730                              {pd product} {ergonomic}
    uintx ProfiledCodeHeapSize                     = 122912730                              {pd product} {ergonomic}
    uintx ReservedCodeCacheSize                    = 251658240                              {pd product} {ergonomic}
     bool SegmentedCodeCache                       = true                                      {product} {ergonomic}
   size_t SoftMaxHeapSize                          = 2067791872                             {manageable} {ergonomic}
     bool UseCompressedClassPointers               = true                           {product lp64_product} {ergonomic}
     bool UseCompressedOops                        = true                           {product lp64_product} {ergonomic}
     bool UseG1GC                                  = true                                      {product} {ergonomic}
     bool UseLargePagesIndividualAllocation        = false                                  {pd product} {ergonomic}

Logging:
Log output configuration:
 #0: stdout all=warning uptime,level,tags
 #1: stderr all=off uptime,level,tags

Environment Variables:
PATH=C:\Program Files\Common Files\Oracle\Java\javapath;C:\Program Files (x86)\Common Files\Oracle\Java\java8path;C:\Program Files (x86)\Common Files\Oracle\Java\javapath;C:\WINDOWS\system32;C:\WINDOWS;C:\WINDOWS\System32\Wbem;C:\WINDOWS\System32\WindowsPowerShell\v1.0\;C:\WINDOWS\System32\OpenSSH\;C:\Program Files\Java\jdk-17\bin;C:\Program Files\MySQL\MySQL Shell 8.0\bin\;C:\Users\LAPTOPS24\AppData\Local\Microsoft\WindowsApps;
USERNAME=LAPTOPS24
OS=Windows_NT
PROCESSOR_IDENTIFIER=Intel64 Family 6 Model 140 Stepping 1, GenuineIntel



---------------  S Y S T E M  ---------------

OS:
 Windows 11 , 64 bit Build 22621 (10.0.22621.3672)
OS uptime: 42 days 4:34 hours

CPU: total 4 (initial active 4) (2 cores per cpu, 2 threads per core) family 6 model 140 stepping 1 microcode 0xa6, cx8, cmov, fxsr, ht, mmx, 3dnowpref, sse, sse2, sse3, ssse3, sse4.1, sse4.2, popcnt, lzcnt, tsc, tscinvbit, avx, avx2, aes, erms, clmul, bmi1, bmi2, adx, avx512f, avx512dq, avx512cd, avx512bw, avx512vl, sha, fma, vzeroupper, avx512_vpopcntdq, avx512_vpclmulqdq, avx512_vaes, avx512_vnni, clflush, clflushopt, clwb, avx512_vbmi2, avx512_vbmi

Memory: 4k page, system-wide physical 7886M (892M free)
TotalPageFile size 20273M (AvailPageFile size 12M)
current process WorkingSet (physical memory assigned to process): 209M, peak: 209M
current process commit charge ("private bytes"): 238M, peak: 262M

vm_info: Java HotSpot(TM) 64-Bit Server VM (17.0.10+11-LTS-240) for windows-amd64 JRE (17.0.10+11-LTS-240), built on Dec 19 2023 21:47:25 by "mach5one" with MS VC++ 17.1 (VS2022)

END.
