#
# There is insufficient memory for the Java Runtime Environment to continue.
# Native memory allocation (malloc) failed to allocate 1157392 bytes for Chunk::new
# Possible reasons:
#   The system is out of physical RAM or swap space
#   The process is running with CompressedOops enabled, and the Java Heap may be blocking the growth of the native heap
# Possible solutions:
#   Reduce memory load on the system
#   Increase physical memory or swap space
#   Check if swap backing store is full
#   Decrease Java heap size (-Xmx/-Xms)
#   Decrease number of Java threads
#   Decrease Java thread stack sizes (-Xss)
#   Set larger code cache with -XX:ReservedCodeCacheSize=
#   JVM is running with Unscaled Compressed Oops mode in which the Java heap is
#     placed in the first 4GB address space. The Java Heap base address is the
#     maximum limit for the native heap growth. Please use -XX:HeapBaseMinAddress
#     to set the Java Heap base and to place the Java Heap above 4GB virtual address.
# This output file may be truncated or incomplete.
#
#  Out of Memory Error (arena.cpp:189), pid=15260, tid=50148
#
# JRE version: Java(TM) SE Runtime Environment (17.0.10+11) (build 17.0.10+11-LTS-240)
# Java VM: Java HotSpot(TM) 64-Bit Server VM (17.0.10+11-LTS-240, mixed mode, sharing, tiered, compressed oops, compressed class ptrs, g1 gc, windows-amd64)
# No core dump will be written. Minidumps are not enabled by default on client versions of Windows
#

---------------  S U M M A R Y ------------

Command Line: -javaagent:C:\Program Files\JetBrains\IntelliJ IDEA Community Edition 2024.2.0.2\lib\idea_rt.jar=50924:C:\Program Files\JetBrains\IntelliJ IDEA Community Edition 2024.2.0.2\bin -Dfile.encoding=UTF-8 com.api.RegistrationApplication

Host: 11th Gen Intel(R) Core(TM) i3-1115G4 @ 3.00GHz, 4 cores, 7G,  Windows 11 , 64 bit Build 22621 (10.0.22621.3672)
Time: Fri Sep 13 15:20:13 2024 India Standard Time elapsed time: 5.503900 seconds (0d 0h 0m 5s)

---------------  T H R E A D  ---------------

Current thread (0x00000208b33d2160):  JavaThread "C2 CompilerThread0" daemon [_thread_in_native, id=50148, stack(0x0000006967c00000,0x0000006967d00000)]


Current CompileTask:
C2:   5503 4765       4       java.net.URLStreamHandler::parseURL (1201 bytes)

Stack: [0x0000006967c00000,0x0000006967d00000]
Native frames: (J=compiled Java code, j=interpreted, Vv=VM code, C=native code)
V  [jvm.dll+0x677a5a]
V  [jvm.dll+0x7d8b2d]
V  [jvm.dll+0x7da48e]
V  [jvm.dll+0x7daaf3]
V  [jvm.dll+0x2455ff]
V  [jvm.dll+0xaaafb]
V  [jvm.dll+0xab09c]
V  [jvm.dll+0x361bae]
V  [jvm.dll+0x1bb3ca]
V  [jvm.dll+0x217aa7]
V  [jvm.dll+0x216d81]
V  [jvm.dll+0x1a3410]
V  [jvm.dll+0x226aeb]
V  [jvm.dll+0x224cab]
V  [jvm.dll+0x78e45c]
V  [jvm.dll+0x78888a]
V  [jvm.dll+0x676935]
C  [ucrtbase.dll+0x29333]
C  [KERNEL32.DLL+0x1257d]
C  [ntdll.dll+0x5af28]


---------------  P R O C E S S  ---------------

Threads class SMR info:
_java_thread_list=0x00000208fc097e30, length=22, elements={
0x0000020893db9310, 0x00000208b33b8c70, 0x00000208b33bb640, 0x00000208b33cb720,
0x00000208b33ce0f0, 0x00000208b33cfac0, 0x00000208b33d0c20, 0x00000208b33d2160,
0x00000208b33d7f70, 0x00000208b340f840, 0x00000208b36092d0, 0x00000208b36a4ab0,
0x00000208b3792420, 0x00000208b3792900, 0x00000208f973f9c0, 0x00000208f9740320,
0x00000208fac5e530, 0x00000208fac5db10, 0x00000208fac5e020, 0x00000208fac5ea40,
0x00000208fac5d600, 0x00000208fb92d060
}

Java Threads: ( => current thread )
  0x0000020893db9310 JavaThread "main" [_thread_blocked, id=21620, stack(0x0000006966f00000,0x0000006967000000)]
  0x00000208b33b8c70 JavaThread "Reference Handler" daemon [_thread_blocked, id=35664, stack(0x0000006967600000,0x0000006967700000)]
  0x00000208b33bb640 JavaThread "Finalizer" daemon [_thread_blocked, id=31284, stack(0x0000006967700000,0x0000006967800000)]
  0x00000208b33cb720 JavaThread "Signal Dispatcher" daemon [_thread_blocked, id=48600, stack(0x0000006967800000,0x0000006967900000)]
  0x00000208b33ce0f0 JavaThread "Attach Listener" daemon [_thread_blocked, id=48488, stack(0x0000006967900000,0x0000006967a00000)]
  0x00000208b33cfac0 JavaThread "Service Thread" daemon [_thread_blocked, id=44676, stack(0x0000006967a00000,0x0000006967b00000)]
  0x00000208b33d0c20 JavaThread "Monitor Deflation Thread" daemon [_thread_blocked, id=48416, stack(0x0000006967b00000,0x0000006967c00000)]
=>0x00000208b33d2160 JavaThread "C2 CompilerThread0" daemon [_thread_in_native, id=50148, stack(0x0000006967c00000,0x0000006967d00000)]
  0x00000208b33d7f70 JavaThread "C1 CompilerThread0" daemon [_thread_blocked, id=45876, stack(0x0000006967d00000,0x0000006967e00000)]
  0x00000208b340f840 JavaThread "Sweeper thread" daemon [_thread_blocked, id=38112, stack(0x0000006967e00000,0x0000006967f00000)]
  0x00000208b36092d0 JavaThread "Common-Cleaner" daemon [_thread_blocked, id=54004, stack(0x0000006967f00000,0x0000006968000000)]
  0x00000208b36a4ab0 JavaThread "C2 CompilerThread1" daemon [_thread_in_native, id=48184, stack(0x0000006968000000,0x0000006968100000)]
  0x00000208b3792420 JavaThread "Monitor Ctrl-Break" daemon [_thread_in_native, id=8172, stack(0x0000006968100000,0x0000006968200000)]
  0x00000208b3792900 JavaThread "Notification Thread" daemon [_thread_blocked, id=49768, stack(0x0000006968200000,0x0000006968300000)]
  0x00000208f973f9c0 JavaThread "Thread-0" [_thread_blocked, id=42940, stack(0x0000006968700000,0x0000006968800000)]
  0x00000208f9740320 JavaThread "restartedMain" [_thread_in_Java, id=48952, stack(0x0000006968800000,0x0000006968900000)]
  0x00000208fac5e530 JavaThread "Catalina-utility-1" [_thread_blocked, id=48944, stack(0x0000006968a00000,0x0000006968b00000)]
  0x00000208fac5db10 JavaThread "Catalina-utility-2" [_thread_blocked, id=50016, stack(0x0000006968b00000,0x0000006968c00000)]
  0x00000208fac5e020 JavaThread "container-0" [_thread_blocked, id=40844, stack(0x0000006968c00000,0x0000006968d00000)]
  0x00000208fac5ea40 JavaThread "mysql-cj-abandoned-connection-cleanup" daemon [_thread_blocked, id=5528, stack(0x0000006968d00000,0x0000006968e00000)]
  0x00000208fac5d600 JavaThread "HikariPool-1 housekeeper" daemon [_thread_blocked, id=27592, stack(0x0000006968f00000,0x0000006969000000)]
  0x00000208fb92d060 JavaThread "HikariPool-1 connection adder" daemon [_thread_in_native, id=40968, stack(0x0000006969000000,0x0000006969100000)]

Other Threads:
  0x00000208b33b4a30 VMThread "VM Thread" [stack: 0x0000006967500000,0x0000006967600000] [id=52552]
  0x00000208b3792de0 WatcherThread [stack: 0x0000006968300000,0x0000006968400000] [id=39872]
  0x0000020893e113b0 GCTaskThread "GC Thread#0" [stack: 0x0000006967000000,0x0000006967100000] [id=40772]
  0x00000208f9702030 GCTaskThread "GC Thread#1" [stack: 0x0000006968400000,0x0000006968500000] [id=49708]
  0x00000208f95015d0 GCTaskThread "GC Thread#2" [stack: 0x0000006968500000,0x0000006968600000] [id=22544]
  0x00000208f980b0e0 GCTaskThread "GC Thread#3" [stack: 0x0000006968600000,0x0000006968700000] [id=52076]
  0x0000020893e22d90 ConcurrentGCThread "G1 Main Marker" [stack: 0x0000006967100000,0x0000006967200000] [id=46204]
  0x0000020893e23f40 ConcurrentGCThread "G1 Conc#0" [stack: 0x0000006967200000,0x0000006967300000] [id=45696]
  0x0000020893e796e0 ConcurrentGCThread "G1 Refine#0" [stack: 0x0000006967300000,0x0000006967400000] [id=52012]
  0x00000208fade6470 ConcurrentGCThread "G1 Refine#1" [stack: 0x0000006968900000,0x0000006968a00000] [id=54052]
  0x00000208b32619a0 ConcurrentGCThread "G1 Service" [stack: 0x0000006967400000,0x0000006967500000] [id=23632]

Threads with active compile tasks:
C2 CompilerThread0     5516 4765       4       java.net.URLStreamHandler::parseURL (1201 bytes)
C2 CompilerThread1     5516 4732       4       sun.security.ec.ECOperations::setDouble (559 bytes)

VM state: not at safepoint (normal execution)

VM Mutex/Monitor currently owned by a thread: None

Heap address: 0x0000000084c00000, size: 1972 MB, Compressed Oops mode: 32-bit

CDS archive(s) mapped at: [0x00000208b4000000-0x00000208b4bd0000-0x00000208b4bd0000), size 12386304, SharedBaseAddress: 0x00000208b4000000, ArchiveRelocationMode: 1.
Compressed class space mapped at: 0x00000208b5000000-0x00000208f5000000, reserved size: 1073741824
Narrow klass base: 0x00000208b4000000, Narrow klass shift: 0, Narrow klass range: 0x100000000

GC Precious Log:
 CPUs: 4 total, 4 available
 Memory: 7886M
 Large Page Support: Disabled
 NUMA Support: Disabled
 Compressed Oops: Enabled (32-bit)
 Heap Region Size: 1M
 Heap Min Capacity: 8M
 Heap Initial Capacity: 124M
 Heap Max Capacity: 1972M
 Pre-touch: Disabled
 Parallel Workers: 4
 Concurrent Workers: 1
 Concurrent Refinement Workers: 4
 Periodic GC: Disabled

Heap:
 garbage-first heap   total 61440K, used 23422K [0x0000000084c00000, 0x0000000100000000)
  region size 1024K, 4 young (4096K), 1 survivors (1024K)
 Metaspace       used 46981K, committed 47424K, reserved 1114112K
  class space    used 6136K, committed 6336K, reserved 1048576K

Heap Regions: E=young(eden), S=young(survivor), O=old, HS=humongous(starts), HC=humongous(continues), CS=collection set, F=free, OA=open archive, CA=closed archive, TAMS=top-at-mark-start (previous, next)
|   0|0x0000000084c00000, 0x0000000084d00000, 0x0000000084d00000|100%|HS|  |TAMS 0x0000000084d00000, 0x0000000084c00000| Complete 
|   1|0x0000000084d00000, 0x0000000084e00000, 0x0000000084e00000|100%| O|  |TAMS 0x0000000084e00000, 0x0000000084d00000| Untracked 
|   2|0x0000000084e00000, 0x0000000084f00000, 0x0000000084f00000|100%| O|  |TAMS 0x0000000084f00000, 0x0000000084e00000| Untracked 
|   3|0x0000000084f00000, 0x0000000085000000, 0x0000000085000000|100%| O|  |TAMS 0x0000000085000000, 0x0000000084f00000| Untracked 
|   4|0x0000000085000000, 0x0000000085100000, 0x0000000085100000|100%| O|  |TAMS 0x0000000085100000, 0x0000000085000000| Untracked 
|   5|0x0000000085100000, 0x0000000085200000, 0x0000000085200000|100%| O|  |TAMS 0x0000000085200000, 0x0000000085100000| Untracked 
|   6|0x0000000085200000, 0x0000000085300000, 0x0000000085300000|100%| O|  |TAMS 0x0000000085200000, 0x0000000085200000| Untracked 
|   7|0x0000000085300000, 0x0000000085400000, 0x0000000085400000|100%| O|  |TAMS 0x0000000085400000, 0x0000000085300000| Untracked 
|   8|0x0000000085400000, 0x0000000085500000, 0x0000000085500000|100%| O|  |TAMS 0x0000000085500000, 0x0000000085400000| Untracked 
|   9|0x0000000085500000, 0x0000000085600000, 0x0000000085600000|100%| O|  |TAMS 0x0000000085600000, 0x0000000085500000| Untracked 
|  10|0x0000000085600000, 0x0000000085700000, 0x0000000085700000|100%| O|  |TAMS 0x0000000085700000, 0x0000000085600000| Untracked 
|  11|0x0000000085700000, 0x0000000085800000, 0x0000000085800000|100%| O|  |TAMS 0x0000000085800000, 0x0000000085700000| Untracked 
|  12|0x0000000085800000, 0x0000000085900000, 0x0000000085900000|100%| O|  |TAMS 0x0000000085900000, 0x0000000085800000| Untracked 
|  13|0x0000000085900000, 0x0000000085a00000, 0x0000000085a00000|100%| O|  |TAMS 0x0000000085a00000, 0x0000000085900000| Untracked 
|  14|0x0000000085a00000, 0x0000000085b00000, 0x0000000085b00000|100%| O|  |TAMS 0x0000000085b00000, 0x0000000085a00000| Untracked 
|  15|0x0000000085b00000, 0x0000000085b00000, 0x0000000085c00000|  0%| F|  |TAMS 0x0000000085b00000, 0x0000000085b00000| Untracked 
|  16|0x0000000085c00000, 0x0000000085d00000, 0x0000000085d00000|100%| O|  |TAMS 0x0000000085c41000, 0x0000000085c00000| Untracked 
|  17|0x0000000085d00000, 0x0000000085e00000, 0x0000000085e00000|100%| O|  |TAMS 0x0000000085d00000, 0x0000000085d00000| Untracked 
|  18|0x0000000085e00000, 0x0000000085f00000, 0x0000000085f00000|100%| O|  |TAMS 0x0000000085e00000, 0x0000000085e00000| Untracked 
|  19|0x0000000085f00000, 0x0000000086000000, 0x0000000086000000|100%| O|  |TAMS 0x0000000085f00000, 0x0000000085f00000| Untracked 
|  20|0x0000000086000000, 0x0000000086100000, 0x0000000086100000|100%| O|  |TAMS 0x0000000086000000, 0x0000000086000000| Untracked 
|  21|0x0000000086100000, 0x000000008618bc00, 0x0000000086200000| 54%| O|  |TAMS 0x0000000086100000, 0x0000000086100000| Untracked 
|  22|0x0000000086200000, 0x0000000086200000, 0x0000000086300000|  0%| F|  |TAMS 0x0000000086200000, 0x0000000086200000| Untracked 
|  23|0x0000000086300000, 0x0000000086300000, 0x0000000086400000|  0%| F|  |TAMS 0x0000000086300000, 0x0000000086300000| Untracked 
|  24|0x0000000086400000, 0x0000000086400000, 0x0000000086500000|  0%| F|  |TAMS 0x0000000086400000, 0x0000000086400000| Untracked 
|  25|0x0000000086500000, 0x0000000086500000, 0x0000000086600000|  0%| F|  |TAMS 0x0000000086500000, 0x0000000086500000| Untracked 
|  26|0x0000000086600000, 0x0000000086600000, 0x0000000086700000|  0%| F|  |TAMS 0x0000000086600000, 0x0000000086600000| Untracked 
|  27|0x0000000086700000, 0x0000000086700000, 0x0000000086800000|  0%| F|  |TAMS 0x0000000086700000, 0x0000000086700000| Untracked 
|  28|0x0000000086800000, 0x0000000086800000, 0x0000000086900000|  0%| F|  |TAMS 0x0000000086800000, 0x0000000086800000| Untracked 
|  29|0x0000000086900000, 0x0000000086900000, 0x0000000086a00000|  0%| F|  |TAMS 0x0000000086900000, 0x0000000086900000| Untracked 
|  30|0x0000000086a00000, 0x0000000086a00000, 0x0000000086b00000|  0%| F|  |TAMS 0x0000000086a00000, 0x0000000086a00000| Untracked 
|  31|0x0000000086b00000, 0x0000000086b00000, 0x0000000086c00000|  0%| F|  |TAMS 0x0000000086b00000, 0x0000000086b00000| Untracked 
|  32|0x0000000086c00000, 0x0000000086c00000, 0x0000000086d00000|  0%| F|  |TAMS 0x0000000086c00000, 0x0000000086c00000| Untracked 
|  33|0x0000000086d00000, 0x0000000086d00000, 0x0000000086e00000|  0%| F|  |TAMS 0x0000000086d00000, 0x0000000086d00000| Untracked 
|  34|0x0000000086e00000, 0x0000000086e00000, 0x0000000086f00000|  0%| F|  |TAMS 0x0000000086e00000, 0x0000000086e00000| Untracked 
|  35|0x0000000086f00000, 0x0000000086f00000, 0x0000000087000000|  0%| F|  |TAMS 0x0000000086f00000, 0x0000000086f00000| Untracked 
|  36|0x0000000087000000, 0x0000000087000000, 0x0000000087100000|  0%| F|  |TAMS 0x0000000087000000, 0x0000000087000000| Untracked 
|  37|0x0000000087100000, 0x0000000087100000, 0x0000000087200000|  0%| F|  |TAMS 0x0000000087100000, 0x0000000087100000| Untracked 
|  38|0x0000000087200000, 0x0000000087200000, 0x0000000087300000|  0%| F|  |TAMS 0x0000000087200000, 0x0000000087200000| Untracked 
|  39|0x0000000087300000, 0x0000000087300000, 0x0000000087400000|  0%| F|  |TAMS 0x0000000087300000, 0x0000000087300000| Untracked 
|  40|0x0000000087400000, 0x0000000087400000, 0x0000000087500000|  0%| F|  |TAMS 0x0000000087400000, 0x0000000087400000| Untracked 
|  41|0x0000000087500000, 0x0000000087500000, 0x0000000087600000|  0%| F|  |TAMS 0x0000000087500000, 0x0000000087500000| Untracked 
|  42|0x0000000087600000, 0x0000000087600000, 0x0000000087700000|  0%| F|  |TAMS 0x0000000087600000, 0x0000000087600000| Untracked 
|  43|0x0000000087700000, 0x0000000087700000, 0x0000000087800000|  0%| F|  |TAMS 0x0000000087700000, 0x0000000087700000| Untracked 
|  44|0x0000000087800000, 0x0000000087800000, 0x0000000087900000|  0%| F|  |TAMS 0x0000000087800000, 0x0000000087800000| Untracked 
|  45|0x0000000087900000, 0x0000000087900000, 0x0000000087a00000|  0%| F|  |TAMS 0x0000000087900000, 0x0000000087900000| Untracked 
|  46|0x0000000087a00000, 0x0000000087a00000, 0x0000000087b00000|  0%| F|  |TAMS 0x0000000087a00000, 0x0000000087a00000| Untracked 
|  47|0x0000000087b00000, 0x0000000087b00000, 0x0000000087c00000|  0%| F|  |TAMS 0x0000000087b00000, 0x0000000087b00000| Untracked 
|  48|0x0000000087c00000, 0x0000000087c00000, 0x0000000087d00000|  0%| F|  |TAMS 0x0000000087c00000, 0x0000000087c00000| Untracked 
|  49|0x0000000087d00000, 0x0000000087d00000, 0x0000000087e00000|  0%| F|  |TAMS 0x0000000087d00000, 0x0000000087d00000| Untracked 
|  50|0x0000000087e00000, 0x0000000087e00000, 0x0000000087f00000|  0%| F|  |TAMS 0x0000000087e00000, 0x0000000087e00000| Untracked 
|  51|0x0000000087f00000, 0x0000000087f00000, 0x0000000088000000|  0%| F|  |TAMS 0x0000000087f00000, 0x0000000087f00000| Untracked 
|  62|0x0000000088a00000, 0x0000000088a00000, 0x0000000088b00000|  0%| F|  |TAMS 0x0000000088a00000, 0x0000000088a00000| Untracked 
|  63|0x0000000088b00000, 0x0000000088b00000, 0x0000000088c00000|  0%| F|  |TAMS 0x0000000088b00000, 0x0000000088b00000| Untracked 
|  64|0x0000000088c00000, 0x0000000088c00000, 0x0000000088d00000|  0%| F|  |TAMS 0x0000000088c00000, 0x0000000088c00000| Untracked 
|  65|0x0000000088d00000, 0x0000000088d00000, 0x0000000088e00000|  0%| F|  |TAMS 0x0000000088d00000, 0x0000000088d00000| Untracked 
|  66|0x0000000088e00000, 0x0000000088efc2b8, 0x0000000088f00000| 98%| E|  |TAMS 0x0000000088e00000, 0x0000000088e00000| Complete 
|  67|0x0000000088f00000, 0x0000000089000000, 0x0000000089000000|100%| E|CS|TAMS 0x0000000088f00000, 0x0000000088f00000| Complete 
|  68|0x0000000089000000, 0x0000000089053fa0, 0x0000000089100000| 32%| S|CS|TAMS 0x0000000089000000, 0x0000000089000000| Complete 
| 123|0x000000008c700000, 0x000000008c800000, 0x000000008c800000|100%| E|CS|TAMS 0x000000008c700000, 0x000000008c700000| Complete 

Card table byte_map: [0x00000208ac840000,0x00000208acc20000] _byte_map_base: 0x00000208ac41a000

Marking Bits (Prev, Next): (CMBitMap*) 0x0000020893e119d0, (CMBitMap*) 0x0000020893e11a10
 Prev Bits: [0x00000208ad000000, 0x00000208aeed0000)
 Next Bits: [0x00000208aeed0000, 0x00000208b0da0000)

Polling page: 0x0000020893e80000

Metaspace:

Usage:
  Non-class:     39.89 MB used.
      Class:      5.99 MB used.
       Both:     45.88 MB used.

Virtual space:
  Non-class space:       64.00 MB reserved,      40.12 MB ( 63%) committed,  1 nodes.
      Class space:        1.00 GB reserved,       6.19 MB ( <1%) committed,  1 nodes.
             Both:        1.06 GB reserved,      46.31 MB (  4%) committed. 

Chunk freelists:
   Non-Class:  7.14 MB
       Class:  9.66 MB
        Both:  16.79 MB

MaxMetaspaceSize: unlimited
CompressedClassSpaceSize: 1.00 GB
Initial GC threshold: 21.00 MB
Current GC threshold: 58.69 MB
CDS: on
MetaspaceReclaimPolicy: balanced
 - commit_granule_bytes: 65536.
 - commit_granule_words: 8192.
 - virtual_space_node_default_size: 8388608.
 - enlarge_chunks_in_place: 1.
 - new_chunks_are_fully_committed: 0.
 - uncommit_free_chunks: 1.
 - use_allocation_guard: 0.
 - handle_deallocations: 1.


Internal statistics:

num_allocs_failed_limit: 6.
num_arena_births: 574.
num_arena_deaths: 0.
num_vsnodes_births: 2.
num_vsnodes_deaths: 0.
num_space_committed: 741.
num_space_uncommitted: 0.
num_chunks_returned_to_freelist: 6.
num_chunks_taken_from_freelist: 2157.
num_chunk_merges: 6.
num_chunk_splits: 1534.
num_chunks_enlarged: 1167.
num_inconsistent_stats: 0.

CodeHeap 'non-profiled nmethods': size=120000Kb used=2886Kb max_used=2886Kb free=117113Kb
 bounds [0x00000208a4900000, 0x00000208a4be0000, 0x00000208abe30000]
CodeHeap 'profiled nmethods': size=120000Kb used=10364Kb max_used=10364Kb free=109635Kb
 bounds [0x000002089ce30000, 0x000002089d850000, 0x00000208a4360000]
CodeHeap 'non-nmethods': size=5760Kb used=1301Kb max_used=1344Kb free=4459Kb
 bounds [0x00000208a4360000, 0x00000208a45d0000, 0x00000208a4900000]
 total_blobs=5381 nmethods=4777 adapters=516
 compilation: enabled
              stopped_count=0, restarted_count=0
 full_count=0

Compilation events (20 events):
Event: 5.432 Thread 0x00000208b33d7f70 4770       3       com.mysql.cj.protocol.ExportControlled$$Lambda$889/0x00000208b5521ed8::test (8 bytes)
Event: 5.432 Thread 0x00000208b33d7f70 nmethod 4770 0x000002089d841210 code [0x000002089d8413c0, 0x000002089d841608]
Event: 5.432 Thread 0x00000208b33d7f70 4771       3       com.mysql.cj.protocol.ExportControlled::lambda$getAllowedCiphers$5 (41 bytes)
Event: 5.432 Thread 0x00000208b33d7f70 nmethod 4771 0x000002089d841710 code [0x000002089d841980, 0x000002089d8425c8]
Event: 5.432 Thread 0x00000208b33d7f70 4772       3       com.mysql.cj.protocol.ExportControlled$$Lambda$890/0x00000208b5522120::<init> (10 bytes)
Event: 5.433 Thread 0x00000208b33d7f70 nmethod 4772 0x000002089d842990 code [0x000002089d842b20, 0x000002089d842cd8]
Event: 5.433 Thread 0x00000208b33d7f70 4774       3       java.math.BigInteger::add (123 bytes)
Event: 5.433 Thread 0x00000208b33d7f70 nmethod 4774 0x000002089d842d90 code [0x000002089d842fc0, 0x000002089d8435a8]
Event: 5.450 Thread 0x00000208b33d7f70 4775       3       net.bytebuddy.description.type.TypeDescription$AbstractBase::hashCode (54 bytes)
Event: 5.451 Thread 0x00000208b33d7f70 nmethod 4775 0x000002089d843790 code [0x000002089d843960, 0x000002089d843c38]
Event: 5.463 Thread 0x00000208b33d7f70 4776       3       net.bytebuddy.description.annotation.AnnotationList$ForLoadedAnnotations::size (10 bytes)
Event: 5.463 Thread 0x00000208b33d7f70 nmethod 4776 0x000002089d843d90 code [0x000002089d843f40, 0x000002089d844108]
Event: 5.465 Thread 0x00000208b33d7f70 4777   !   3       jdk.proxy2.$Proxy85::annotationType (29 bytes)
Event: 5.465 Thread 0x00000208b33d7f70 nmethod 4777 0x000002089d844210 code [0x000002089d8443e0, 0x000002089d8447d8]
Event: 5.466 Thread 0x00000208b33d7f70 4778   !   3       net.bytebuddy.utility.dispatcher.JavaDispatcher$ProxiedInvocationHandler::invoke (305 bytes)
Event: 5.469 Thread 0x00000208b33d7f70 nmethod 4778 0x000002089d844990 code [0x000002089d8450e0, 0x000002089d848dc8]
Event: 5.497 Thread 0x00000208b33d7f70 4779       3       java.net.JarURLConnection::parseSpecs (134 bytes)
Event: 5.498 Thread 0x00000208b33d7f70 nmethod 4779 0x000002089d84a610 code [0x000002089d84a920, 0x000002089d84b848]
Event: 5.500 Thread 0x00000208b33d7f70 4780       3       sun.net.www.protocol.jar.URLJarFile::getEntry (69 bytes)
Event: 5.501 Thread 0x00000208b33d7f70 nmethod 4780 0x000002089d84bd90 code [0x000002089d84c0e0, 0x000002089d84d538]

GC Heap History (20 events):
Event: 0.412 GC heap before
{Heap before GC invocations=0 (full 0):
 garbage-first heap   total 126976K, used 13312K [0x0000000084c00000, 0x0000000100000000)
  region size 1024K, 13 young (13312K), 0 survivors (0K)
 Metaspace       used 3308K, committed 3520K, reserved 1114112K
  class space    used 339K, committed 448K, reserved 1048576K
}
Event: 0.416 GC heap after
{Heap after GC invocations=1 (full 0):
 garbage-first heap   total 126976K, used 6682K [0x0000000084c00000, 0x0000000100000000)
  region size 1024K, 2 young (2048K), 2 survivors (2048K)
 Metaspace       used 3308K, committed 3520K, reserved 1114112K
  class space    used 339K, committed 448K, reserved 1048576K
}
Event: 0.640 GC heap before
{Heap before GC invocations=1 (full 0):
 garbage-first heap   total 126976K, used 17946K [0x0000000084c00000, 0x0000000100000000)
  region size 1024K, 13 young (13312K), 2 survivors (2048K)
 Metaspace       used 6258K, committed 6400K, reserved 1114112K
  class space    used 726K, committed 768K, reserved 1048576K
}
Event: 0.642 GC heap after
{Heap after GC invocations=2 (full 0):
 garbage-first heap   total 126976K, used 7275K [0x0000000084c00000, 0x0000000100000000)
  region size 1024K, 1 young (1024K), 1 survivors (1024K)
 Metaspace       used 6258K, committed 6400K, reserved 1114112K
  class space    used 726K, committed 768K, reserved 1048576K
}
Event: 1.056 GC heap before
{Heap before GC invocations=2 (full 0):
 garbage-first heap   total 126976K, used 31851K [0x0000000084c00000, 0x0000000100000000)
  region size 1024K, 26 young (26624K), 1 survivors (1024K)
 Metaspace       used 12628K, committed 12864K, reserved 1114112K
  class space    used 1496K, committed 1600K, reserved 1048576K
}
Event: 1.061 GC heap after
{Heap after GC invocations=3 (full 0):
 garbage-first heap   total 126976K, used 9309K [0x0000000084c00000, 0x0000000100000000)
  region size 1024K, 3 young (3072K), 3 survivors (3072K)
 Metaspace       used 12628K, committed 12864K, reserved 1114112K
  class space    used 1496K, committed 1600K, reserved 1048576K
}
Event: 2.290 GC heap before
{Heap before GC invocations=3 (full 0):
 garbage-first heap   total 126976K, used 60509K [0x0000000084c00000, 0x0000000100000000)
  region size 1024K, 55 young (56320K), 3 survivors (3072K)
 Metaspace       used 21204K, committed 21504K, reserved 1114112K
  class space    used 2590K, committed 2752K, reserved 1048576K
}
Event: 2.299 GC heap after
{Heap after GC invocations=4 (full 0):
 garbage-first heap   total 126976K, used 13407K [0x0000000084c00000, 0x0000000100000000)
  region size 1024K, 7 young (7168K), 7 survivors (7168K)
 Metaspace       used 21204K, committed 21504K, reserved 1114112K
  class space    used 2590K, committed 2752K, reserved 1048576K
}
Event: 2.948 GC heap before
{Heap before GC invocations=5 (full 0):
 garbage-first heap   total 51200K, used 36959K [0x0000000084c00000, 0x0000000100000000)
  region size 1024K, 30 young (30720K), 7 survivors (7168K)
 Metaspace       used 25152K, committed 25536K, reserved 1114112K
  class space    used 3190K, committed 3328K, reserved 1048576K
}
Event: 2.960 GC heap after
{Heap after GC invocations=6 (full 0):
 garbage-first heap   total 51200K, used 15845K [0x0000000084c00000, 0x0000000100000000)
  region size 1024K, 3 young (3072K), 3 survivors (3072K)
 Metaspace       used 25152K, committed 25536K, reserved 1114112K
  class space    used 3190K, committed 3328K, reserved 1048576K
}
Event: 2.999 GC heap before
{Heap before GC invocations=6 (full 0):
 garbage-first heap   total 51200K, used 16869K [0x0000000084c00000, 0x0000000100000000)
  region size 1024K, 4 young (4096K), 3 survivors (3072K)
 Metaspace       used 25289K, committed 25664K, reserved 1114112K
  class space    used 3234K, committed 3392K, reserved 1048576K
}
Event: 3.004 GC heap after
{Heap after GC invocations=7 (full 0):
 garbage-first heap   total 61440K, used 16100K [0x0000000084c00000, 0x0000000100000000)
  region size 1024K, 1 young (1024K), 1 survivors (1024K)
 Metaspace       used 25289K, committed 25664K, reserved 1114112K
  class space    used 3234K, committed 3392K, reserved 1048576K
}
Event: 3.683 GC heap before
{Heap before GC invocations=7 (full 0):
 garbage-first heap   total 61440K, used 41700K [0x0000000084c00000, 0x0000000100000000)
  region size 1024K, 27 young (27648K), 1 survivors (1024K)
 Metaspace       used 29801K, committed 30272K, reserved 1114112K
  class space    used 3798K, committed 4032K, reserved 1048576K
}
Event: 3.687 GC heap after
{Heap after GC invocations=8 (full 0):
 garbage-first heap   total 61440K, used 17592K [0x0000000084c00000, 0x0000000100000000)
  region size 1024K, 2 young (2048K), 2 survivors (2048K)
 Metaspace       used 29801K, committed 30272K, reserved 1114112K
  class space    used 3798K, committed 4032K, reserved 1048576K
}
Event: 4.275 GC heap before
{Heap before GC invocations=8 (full 0):
 garbage-first heap   total 61440K, used 40120K [0x0000000084c00000, 0x0000000100000000)
  region size 1024K, 25 young (25600K), 2 survivors (2048K)
 Metaspace       used 35544K, committed 35968K, reserved 1114112K
  class space    used 4729K, committed 4928K, reserved 1048576K
}
Event: 4.279 GC heap after
{Heap after GC invocations=9 (full 0):
 garbage-first heap   total 61440K, used 18692K [0x0000000084c00000, 0x0000000100000000)
  region size 1024K, 3 young (3072K), 3 survivors (3072K)
 Metaspace       used 35544K, committed 35968K, reserved 1114112K
  class space    used 4729K, committed 4928K, reserved 1048576K
}
Event: 5.248 GC heap before
{Heap before GC invocations=10 (full 0):
 garbage-first heap   total 61440K, used 45316K [0x0000000084c00000, 0x0000000100000000)
  region size 1024K, 30 young (30720K), 3 survivors (3072K)
 Metaspace       used 46232K, committed 46720K, reserved 1114112K
  class space    used 6058K, committed 6272K, reserved 1048576K
}
Event: 5.256 GC heap after
{Heap after GC invocations=11 (full 0):
 garbage-first heap   total 61440K, used 21322K [0x0000000084c00000, 0x0000000100000000)
  region size 1024K, 4 young (4096K), 4 survivors (4096K)
 Metaspace       used 46232K, committed 46720K, reserved 1114112K
  class space    used 6058K, committed 6272K, reserved 1048576K
}
Event: 5.305 GC heap before
{Heap before GC invocations=11 (full 0):
 garbage-first heap   total 61440K, used 22346K [0x0000000084c00000, 0x0000000100000000)
  region size 1024K, 5 young (5120K), 4 survivors (4096K)
 Metaspace       used 46406K, committed 46848K, reserved 1114112K
  class space    used 6083K, committed 6272K, reserved 1048576K
}
Event: 5.312 GC heap after
{Heap after GC invocations=12 (full 0):
 garbage-first heap   total 61440K, used 21374K [0x0000000084c00000, 0x0000000100000000)
  region size 1024K, 1 young (1024K), 1 survivors (1024K)
 Metaspace       used 46406K, committed 46848K, reserved 1114112K
  class space    used 6083K, committed 6272K, reserved 1048576K
}

Deoptimization events (20 events):
Event: 4.965 Thread 0x00000208fb92d060 DEOPT PACKING pc=0x000002089d76c23e sp=0x00000069690fe0f0
Event: 4.965 Thread 0x00000208fb92d060 DEOPT UNPACKING pc=0x00000208a43b66e3 sp=0x00000069690fd520 mode 0
Event: 4.965 Thread 0x00000208fb92d060 DEOPT PACKING pc=0x000002089d76c271 sp=0x00000069690fe2b0
Event: 4.965 Thread 0x00000208fb92d060 DEOPT UNPACKING pc=0x00000208a43b66e3 sp=0x00000069690fd6e0 mode 0
Event: 5.197 Thread 0x00000208fb92d060 DEOPT PACKING pc=0x000002089d7768ad sp=0x00000069690fdd70
Event: 5.197 Thread 0x00000208fb92d060 DEOPT UNPACKING pc=0x00000208a43b66e3 sp=0x00000069690fd1f8 mode 0
Event: 5.247 Thread 0x00000208f9740320 Uncommon trap: trap_request=0xffffff45 fr.pc=0x00000208a4addec0 relative=0x00000000000000a0
Event: 5.247 Thread 0x00000208f9740320 Uncommon trap: reason=unstable_if action=reinterpret pc=0x00000208a4addec0 method=jdk.internal.misc.Unsafe.convEndian(ZI)I @ 4 c2
Event: 5.247 Thread 0x00000208f9740320 DEOPT PACKING pc=0x00000208a4addec0 sp=0x00000069688fcd90
Event: 5.247 Thread 0x00000208f9740320 DEOPT UNPACKING pc=0x00000208a43b5ba3 sp=0x00000069688fcc28 mode 2
Event: 5.247 Thread 0x00000208f9740320 Uncommon trap: trap_request=0xffffff45 fr.pc=0x00000208a4addb74 relative=0x0000000000000074
Event: 5.247 Thread 0x00000208f9740320 Uncommon trap: reason=unstable_if action=reinterpret pc=0x00000208a4addb74 method=jdk.internal.misc.Unsafe.convEndian(ZI)I @ 4 c2
Event: 5.247 Thread 0x00000208f9740320 DEOPT PACKING pc=0x00000208a4addb74 sp=0x00000069688fccf0
Event: 5.247 Thread 0x00000208f9740320 DEOPT UNPACKING pc=0x00000208a43b5ba3 sp=0x00000069688fcc20 mode 2
Event: 5.247 Thread 0x00000208f9740320 Uncommon trap: trap_request=0xffffff45 fr.pc=0x00000208a4ae0338 relative=0x0000000000000038
Event: 5.247 Thread 0x00000208f9740320 Uncommon trap: reason=unstable_if action=reinterpret pc=0x00000208a4ae0338 method=jdk.internal.misc.Unsafe.convEndian(ZI)I @ 4 c2
Event: 5.247 Thread 0x00000208f9740320 DEOPT PACKING pc=0x00000208a4ae0338 sp=0x00000069688fcc80
Event: 5.248 Thread 0x00000208f9740320 DEOPT UNPACKING pc=0x00000208a43b5ba3 sp=0x00000069688fcc18 mode 2
Event: 5.339 Thread 0x00000208fb92d060 DEOPT PACKING pc=0x000002089d774843 sp=0x00000069690fe210
Event: 5.339 Thread 0x00000208fb92d060 DEOPT UNPACKING pc=0x00000208a43b66e3 sp=0x00000069690fd698 mode 0

Classes unloaded (0 events):
No events

Classes redefined (0 events):
No events

Internal exceptions (20 events):
Event: 2.998 Thread 0x00000208f9740320 Exception <a 'java/lang/NoSuchMethodError'{0x000000008c7da308}: 'java.lang.Object java.lang.invoke.DirectMethodHandle$Holder.invokeSpecial(java.lang.Object, java.lang.Object, java.lang.Object, java.lang.Object, int)'> (0x000000008c7da308) 
thrown [s\open\src\hotspot\share\interpreter\linkResolver.cpp, line 759]
Event: 2.998 Thread 0x00000208f9740320 Exception <a 'java/lang/NoSuchMethodError'{0x000000008c7de170}: 'java.lang.Object java.lang.invoke.Invokers$Holder.linkToTargetMethod(java.lang.Object, java.lang.Object, int, java.lang.Object)'> (0x000000008c7de170) 
thrown [s\open\src\hotspot\share\interpreter\linkResolver.cpp, line 759]
Event: 3.123 Thread 0x00000208f9740320 Exception <a 'java/lang/NoSuchMethodError'{0x0000000088db4c00}: 'java.lang.Object java.lang.invoke.DirectMethodHandle$Holder.invokeStaticInit(java.lang.Object, int, int, int, int)'> (0x0000000088db4c00) 
thrown [s\open\src\hotspot\share\interpreter\linkResolver.cpp, line 759]
Event: 3.198 Thread 0x00000208f9740320 Exception <a 'java/lang/NoSuchMethodError'{0x0000000088c89168}: 'java.lang.Object java.lang.invoke.DirectMethodHandle$Holder.invokeStaticInit(java.lang.Object, java.lang.Object, int, int, int, int)'> (0x0000000088c89168) 
thrown [s\open\src\hotspot\share\interpreter\linkResolver.cpp, line 759]
Event: 3.312 Thread 0x00000208f9740320 Implicit null exception at 0x00000208a4ae2356 to 0x00000208a4ae2d68
Event: 3.314 Thread 0x00000208f9740320 Exception <a 'sun/nio/fs/WindowsException'{0x0000000087b65c28}> (0x0000000087b65c28) 
thrown [s\open\src\hotspot\share\prims\jni.cpp, line 516]
Event: 3.314 Thread 0x00000208f9740320 Exception <a 'sun/nio/fs/WindowsException'{0x0000000087b6b918}> (0x0000000087b6b918) 
thrown [s\open\src\hotspot\share\prims\jni.cpp, line 516]
Event: 3.315 Thread 0x00000208f9740320 Exception <a 'sun/nio/fs/WindowsException'{0x0000000087b6c010}> (0x0000000087b6c010) 
thrown [s\open\src\hotspot\share\prims\jni.cpp, line 516]
Event: 3.342 Thread 0x00000208f9740320 Exception <a 'java/lang/NoSuchMethodError'{0x0000000087ab08a8}: 'java.lang.Object java.lang.invoke.DirectMethodHandle$Holder.invokeSpecial(java.lang.Object, java.lang.Object, long, java.lang.Object, java.lang.Object, java.lang.Object, java.lang.Object, java.lang.Object, java.lang.Object)'> (0x0000000087ab08a8) 
thrown [s\open\src\hotspot\share\interpreter\linkResolver.cpp, line 759]
Event: 3.342 Thread 0x00000208f9740320 Exception <a 'java/lang/NoSuchMethodError'{0x0000000087ab53d0}: 'java.lang.Object java.lang.invoke.DelegatingMethodHandle$Holder.reinvoke_L(java.lang.Object, long, java.lang.Object, java.lang.Object, java.lang.Object, java.lang.Object, java.lang.Object, java.lang.Object)'> (0x0000000087ab53d0) 
thrown [s\open\src\hotspot\share\interpreter\linkResolver.cpp, line 759]
Event: 3.361 Thread 0x00000208f9740320 Implicit null exception at 0x00000208a49aa80c to 0x00000208a49ac1f4
Event: 3.374 Thread 0x00000208f9740320 Exception <a 'java/io/FileNotFoundException'{0x00000000879ffac8}> (0x00000000879ffac8) 
thrown [s\open\src\hotspot\share\prims\jni.cpp, line 516]
Event: 3.397 Thread 0x00000208f9740320 Exception <a 'java/lang/NoSuchMethodError'{0x000000008775b4c0}: 'int java.lang.invoke.DirectMethodHandle$Holder.invokeInterface(java.lang.Object, java.lang.Object, java.lang.Object, java.lang.Object)'> (0x000000008775b4c0) 
thrown [s\open\src\hotspot\share\interpreter\linkResolver.cpp, line 759]
Event: 3.443 Thread 0x00000208f9740320 Exception <a 'java/lang/NoSuchMethodError'{0x000000008754ab50}: 'long java.lang.invoke.DirectMethodHandle$Holder.invokeVirtual(java.lang.Object, java.lang.Object)'> (0x000000008754ab50) 
thrown [s\open\src\hotspot\share\interpreter\linkResolver.cpp, line 759]
Event: 3.448 Thread 0x00000208f9740320 Exception <a 'java/io/FileNotFoundException'{0x0000000087579ce0}> (0x0000000087579ce0) 
thrown [s\open\src\hotspot\share\prims\jni.cpp, line 516]
Event: 3.628 Thread 0x00000208f9740320 Exception <a 'sun/nio/fs/WindowsException'{0x0000000086fa9598}> (0x0000000086fa9598) 
thrown [s\open\src\hotspot\share\prims\jni.cpp, line 516]
Event: 4.355 Thread 0x00000208f9740320 Exception <a 'java/lang/NoSuchMethodError'{0x000000008904b810}: 'int java.lang.invoke.DirectMethodHandle$Holder.invokeStatic(java.lang.Object)'> (0x000000008904b810) 
thrown [s\open\src\hotspot\share\interpreter\linkResolver.cpp, line 759]
Event: 4.564 Thread 0x00000208f9740320 Exception <a 'sun/nio/fs/WindowsException'{0x0000000087e35a58}> (0x0000000087e35a58) 
thrown [s\open\src\hotspot\share\prims\jni.cpp, line 516]
Event: 4.577 Thread 0x00000208f9740320 Exception <a 'java/lang/NoSuchMethodError'{0x0000000087e58948}: 'int java.lang.invoke.DirectMethodHandle$Holder.invokeStaticInit(java.lang.Object, java.lang.Object, java.lang.Object, java.lang.Object)'> (0x0000000087e58948) 
thrown [s\open\src\hotspot\share\interpreter\linkResolver.cpp, line 759]
Event: 4.915 Thread 0x00000208f9740320 Exception <a 'java/lang/NoSuchMethodError'{0x0000000087794b50}: 'java.lang.Object java.lang.invoke.DirectMethodHandle$Holder.invokeStaticInit(java.lang.Object, java.lang.Object, java.lang.Object, java.lang.Object)'> (0x0000000087794b50) 
thrown [s\open\src\hotspot\share\interpreter\linkResolver.cpp, line 759]

VM Operations (20 events):
Event: 4.305 Executing VM operation: G1Concurrent
Event: 4.309 Executing VM operation: G1Concurrent done
Event: 4.318 Executing VM operation: G1Concurrent
Event: 4.318 Executing VM operation: G1Concurrent done
Event: 4.525 Executing VM operation: HandshakeAllThreads
Event: 4.525 Executing VM operation: HandshakeAllThreads done
Event: 4.565 Executing VM operation: HandshakeAllThreads
Event: 4.565 Executing VM operation: HandshakeAllThreads done
Event: 4.571 Executing VM operation: HandshakeAllThreads
Event: 4.571 Executing VM operation: HandshakeAllThreads done
Event: 4.648 Executing VM operation: HandshakeAllThreads
Event: 4.648 Executing VM operation: HandshakeAllThreads done
Event: 4.734 Executing VM operation: HandshakeAllThreads
Event: 4.734 Executing VM operation: HandshakeAllThreads done
Event: 5.100 Executing VM operation: ICBufferFull
Event: 5.101 Executing VM operation: ICBufferFull done
Event: 5.248 Executing VM operation: G1CollectForAllocation
Event: 5.257 Executing VM operation: G1CollectForAllocation done
Event: 5.305 Executing VM operation: G1CollectForAllocation
Event: 5.312 Executing VM operation: G1CollectForAllocation done

Events (20 events):
Event: 4.899 loading class java/util/regex/Pattern$1MatcherIterator done
Event: 4.914 loading class java/io/CharArrayWriter
Event: 4.914 loading class java/io/CharArrayWriter done
Event: 4.914 loading class java/lang/StringIndexOutOfBoundsException
Event: 4.914 loading class java/lang/StringIndexOutOfBoundsException done
Event: 4.921 loading class jdk/internal/reflect/UnsafeQualifiedStaticIntegerFieldAccessorImpl
Event: 4.921 loading class jdk/internal/reflect/UnsafeQualifiedStaticIntegerFieldAccessorImpl done
Event: 4.923 Thread 0x00000208fb92d060 Thread added: 0x00000208fb92d060
Event: 5.053 loading class jdk/internal/access/foreign/MemorySegmentProxy
Event: 5.053 loading class jdk/internal/access/foreign/MemorySegmentProxy done
Event: 5.214 loading class jdk/internal/ValueBased
Event: 5.214 loading class jdk/internal/ValueBased done
Event: 5.246 loading class sun/security/provider/MD5
Event: 5.247 loading class sun/security/provider/MD5 done
Event: 5.247 loading class sun/security/provider/ByteArrayAccess$LE
Event: 5.247 loading class sun/security/provider/ByteArrayAccess$LE done
Event: 5.304 loading class java/util/stream/ReduceOps$1
Event: 5.304 loading class java/util/stream/ReduceOps$1 done
Event: 5.304 loading class java/util/stream/ReduceOps$1ReducingSink
Event: 5.304 loading class java/util/stream/ReduceOps$1ReducingSink done


Dynamic libraries:
0x00007ff74df30000 - 0x00007ff74df40000 	C:\Program Files\Java\jdk-17\bin\java.exe
0x00007ffe1a830000 - 0x00007ffe1aa47000 	C:\WINDOWS\SYSTEM32\ntdll.dll
0x00007ffe19a20000 - 0x00007ffe19ae4000 	C:\WINDOWS\System32\KERNEL32.DLL
0x00007ffe17d90000 - 0x00007ffe1813d000 	C:\WINDOWS\System32\KERNELBASE.dll
0x00007ffe17bd0000 - 0x00007ffe17ce1000 	C:\WINDOWS\System32\ucrtbase.dll
0x00007ffe10500000 - 0x00007ffe1051b000 	C:\Program Files\Java\jdk-17\bin\VCRUNTIME140.dll
0x00007ffe0bb10000 - 0x00007ffe0bb29000 	C:\Program Files\Java\jdk-17\bin\jli.dll
0x00007ffe19590000 - 0x00007ffe19642000 	C:\WINDOWS\System32\ADVAPI32.dll
0x00007ffe192a0000 - 0x00007ffe19347000 	C:\WINDOWS\System32\msvcrt.dll
0x00007ffe1a620000 - 0x00007ffe1a6c9000 	C:\WINDOWS\System32\sechost.dll
0x00007ffe18230000 - 0x00007ffe18258000 	C:\WINDOWS\System32\bcrypt.dll
0x00007ffe1a6d0000 - 0x00007ffe1a7e4000 	C:\WINDOWS\System32\RPCRT4.dll
0x00007ffe19bd0000 - 0x00007ffe19d7e000 	C:\WINDOWS\System32\USER32.dll
0x00007ffe18200000 - 0x00007ffe18226000 	C:\WINDOWS\System32\win32u.dll
0x00007ffe190b0000 - 0x00007ffe190d9000 	C:\WINDOWS\System32\GDI32.dll
0x00007ffdfca30000 - 0x00007ffdfccc3000 	C:\WINDOWS\WinSxS\amd64_microsoft.windows.common-controls_6595b64144ccf1df_6.0.22621.3672_none_2713b9d173822955\COMCTL32.dll
0x00007ffe18450000 - 0x00007ffe18569000 	C:\WINDOWS\System32\gdi32full.dll
0x00007ffe17cf0000 - 0x00007ffe17d8a000 	C:\WINDOWS\System32\msvcp_win.dll
0x00007ffe07870000 - 0x00007ffe0787a000 	C:\WINDOWS\SYSTEM32\VERSION.dll
0x00007ffe19650000 - 0x00007ffe19681000 	C:\WINDOWS\System32\IMM32.DLL
0x00007ffe148a0000 - 0x00007ffe148ac000 	C:\Program Files\Java\jdk-17\bin\vcruntime140_1.dll
0x00007ffe012b0000 - 0x00007ffe0133e000 	C:\Program Files\Java\jdk-17\bin\msvcp140.dll
0x00007ffd8fb40000 - 0x00007ffd9071f000 	C:\Program Files\Java\jdk-17\bin\server\jvm.dll
0x00007ffe18570000 - 0x00007ffe18578000 	C:\WINDOWS\System32\PSAPI.DLL
0x00007ffde2d30000 - 0x00007ffde2d39000 	C:\WINDOWS\SYSTEM32\WSOCK32.dll
0x00007ffe19350000 - 0x00007ffe193c1000 	C:\WINDOWS\System32\WS2_32.dll
0x00007ffe10380000 - 0x00007ffe103b4000 	C:\WINDOWS\SYSTEM32\WINMM.dll
0x00007ffe16b90000 - 0x00007ffe16ba8000 	C:\WINDOWS\SYSTEM32\kernel.appcore.dll
0x00007ffdfeb90000 - 0x00007ffdfeb9a000 	C:\Program Files\Java\jdk-17\bin\jimage.dll
0x00007ffe154f0000 - 0x00007ffe15722000 	C:\WINDOWS\SYSTEM32\DBGHELP.DLL
0x00007ffe19690000 - 0x00007ffe19a18000 	C:\WINDOWS\System32\combase.dll
0x00007ffe190e0000 - 0x00007ffe191b7000 	C:\WINDOWS\System32\OLEAUT32.dll
0x00007ffe0d5a0000 - 0x00007ffe0d5d2000 	C:\WINDOWS\SYSTEM32\dbgcore.DLL
0x00007ffe18260000 - 0x00007ffe182db000 	C:\WINDOWS\System32\bcryptPrimitives.dll
0x00007ffe105a0000 - 0x00007ffe105ae000 	C:\Program Files\Java\jdk-17\bin\instrument.dll
0x00007ffdc9930000 - 0x00007ffdc9955000 	C:\Program Files\Java\jdk-17\bin\java.dll
0x00007ffdc1b90000 - 0x00007ffdc1c67000 	C:\Program Files\Java\jdk-17\bin\jsvml.dll
0x00007ffe186a0000 - 0x00007ffe18eff000 	C:\WINDOWS\System32\SHELL32.dll
0x00007ffe15ab0000 - 0x00007ffe163ac000 	C:\WINDOWS\SYSTEM32\windows.storage.dll
0x00007ffe15970000 - 0x00007ffe15aaf000 	C:\WINDOWS\SYSTEM32\wintypes.dll
0x00007ffe18fb0000 - 0x00007ffe190a4000 	C:\WINDOWS\System32\SHCORE.dll
0x00007ffe19f30000 - 0x00007ffe19f8e000 	C:\WINDOWS\System32\shlwapi.dll
0x00007ffe17a90000 - 0x00007ffe17ab1000 	C:\WINDOWS\SYSTEM32\profapi.dll
0x00007ffdc1440000 - 0x00007ffdc1458000 	C:\Program Files\Java\jdk-17\bin\zip.dll
0x00007ffdc1b70000 - 0x00007ffdc1b89000 	C:\Program Files\Java\jdk-17\bin\net.dll
0x00007ffe13270000 - 0x00007ffe133a6000 	C:\WINDOWS\SYSTEM32\WINHTTP.dll
0x00007ffe17000000 - 0x00007ffe17069000 	C:\WINDOWS\system32\mswsock.dll
0x00007ffdc1ad0000 - 0x00007ffdc1ae6000 	C:\Program Files\Java\jdk-17\bin\nio.dll
0x00007ffe07180000 - 0x00007ffe0719a000 	C:\Program Files\JetBrains\IntelliJ IDEA Community Edition 2024.2.0.2\bin\breakgen64.dll
0x00007ffe104f0000 - 0x00007ffe104fa000 	C:\Program Files\Java\jdk-17\bin\management.dll
0x00007ffe0e040000 - 0x00007ffe0e04b000 	C:\Program Files\Java\jdk-17\bin\management_ext.dll
0x00007ffe017c0000 - 0x00007ffe017ce000 	C:\Program Files\Java\jdk-17\bin\sunmscapi.dll
0x00007ffe182e0000 - 0x00007ffe18447000 	C:\WINDOWS\System32\CRYPT32.dll
0x00007ffe17420000 - 0x00007ffe1744e000 	C:\WINDOWS\SYSTEM32\ncrypt.dll
0x00007ffe173e0000 - 0x00007ffe17417000 	C:\WINDOWS\SYSTEM32\NTASN1.dll
0x00007ffe17260000 - 0x00007ffe1727b000 	C:\WINDOWS\SYSTEM32\CRYPTSP.dll
0x00007ffe16af0000 - 0x00007ffe16b25000 	C:\WINDOWS\system32\rsaenh.dll
0x00007ffe17100000 - 0x00007ffe17128000 	C:\WINDOWS\SYSTEM32\USERENV.dll
0x00007ffe17280000 - 0x00007ffe1728c000 	C:\WINDOWS\SYSTEM32\CRYPTBASE.dll
0x00007ffe16650000 - 0x00007ffe1667d000 	C:\WINDOWS\SYSTEM32\IPHLPAPI.DLL
0x00007ffe18690000 - 0x00007ffe18699000 	C:\WINDOWS\System32\NSI.dll
0x00007ffe11370000 - 0x00007ffe11389000 	C:\WINDOWS\SYSTEM32\dhcpcsvc6.DLL
0x00007ffe11350000 - 0x00007ffe1136f000 	C:\WINDOWS\SYSTEM32\dhcpcsvc.DLL
0x00007ffe16680000 - 0x00007ffe16778000 	C:\WINDOWS\SYSTEM32\DNSAPI.dll
0x00007ffe112a0000 - 0x00007ffe112b0000 	C:\Program Files\Java\jdk-17\bin\verify.dll
0x00007ffe0ec90000 - 0x00007ffe0ec9a000 	C:\Windows\System32\rasadhlp.dll
0x00007ffe10060000 - 0x00007ffe100e3000 	C:\WINDOWS\System32\fwpuclnt.dll

dbghelp: loaded successfully - version: 4.0.5 - missing functions: none
symbol engine: initialized successfully - sym options: 0x614 - pdb path: .;C:\Program Files\Java\jdk-17\bin;C:\WINDOWS\SYSTEM32;C:\WINDOWS\WinSxS\amd64_microsoft.windows.common-controls_6595b64144ccf1df_6.0.22621.3672_none_2713b9d173822955;C:\Program Files\Java\jdk-17\bin\server;C:\Program Files\JetBrains\IntelliJ IDEA Community Edition 2024.2.0.2\bin

VM Arguments:
jvm_args: -javaagent:C:\Program Files\JetBrains\IntelliJ IDEA Community Edition 2024.2.0.2\lib\idea_rt.jar=50924:C:\Program Files\JetBrains\IntelliJ IDEA Community Edition 2024.2.0.2\bin -Dfile.encoding=UTF-8 
java_command: com.api.RegistrationApplication
java_class_path (initial): D:\registration api\registration (1)\registration\target\classes;C:\Users\LAPTOPS24\.m2\repository\org\springframework\boot\spring-boot-starter-data-jpa\3.3.3\spring-boot-starter-data-jpa-3.3.3.jar;C:\Users\LAPTOPS24\.m2\repository\org\springframework\boot\spring-boot-starter-aop\3.3.3\spring-boot-starter-aop-3.3.3.jar;C:\Users\LAPTOPS24\.m2\repository\org\springframework\spring-aop\6.1.12\spring-aop-6.1.12.jar;C:\Users\LAPTOPS24\.m2\repository\org\aspectj\aspectjweaver\1.9.22.1\aspectjweaver-1.9.22.1.jar;C:\Users\LAPTOPS24\.m2\repository\org\springframework\boot\spring-boot-starter-jdbc\3.3.3\spring-boot-starter-jdbc-3.3.3.jar;C:\Users\LAPTOPS24\.m2\repository\com\zaxxer\HikariCP\5.1.0\HikariCP-5.1.0.jar;C:\Users\LAPTOPS24\.m2\repository\org\springframework\spring-jdbc\6.1.12\spring-jdbc-6.1.12.jar;C:\Users\LAPTOPS24\.m2\repository\org\hibernate\orm\hibernate-core\6.5.2.Final\hibernate-core-6.5.2.Final.jar;C:\Users\LAPTOPS24\.m2\repository\jakarta\persistence\jakarta.persistence-api\3.1.0\jakarta.persistence-api-3.1.0.jar;C:\Users\LAPTOPS24\.m2\repository\jakarta\transaction\jakarta.transaction-api\2.0.1\jakarta.transaction-api-2.0.1.jar;C:\Users\LAPTOPS24\.m2\repository\org\jboss\logging\jboss-logging\3.5.3.Final\jboss-logging-3.5.3.Final.jar;C:\Users\LAPTOPS24\.m2\repository\org\hibernate\common\hibernate-commons-annotations\6.0.6.Final\hibernate-commons-annotations-6.0.6.Final.jar;C:\Users\LAPTOPS24\.m2\repository\io\smallrye\jandex\3.1.2\jandex-3.1.2.jar;C:\Users\LAPTOPS24\.m2\repository\com\fasterxml\classmate\1.7.0\classmate-1.7.0.jar;C:\Users\LAPTOPS24\.m2\repository\net\bytebuddy\byte-buddy\1.14.19\byte-buddy-1.14.19.jar;C:\Users\LAPTOPS24\.m2\repository\org\glassfish\jaxb\jaxb-runtime\4.0.5\jaxb-runtime-4.0.5.jar;C:\Users\LAPTOPS24\.m2\repository\org\glassfish\jaxb\jaxb-core\4.0.5\jaxb-core-4.0.5.jar;C:\Users\LAPTOPS24\.m2\repository\org\eclipse\angus\angus-activation\2.0.2\angus-activation-2.0.2.jar;C:\Users\LAPTOPS24\.m2\repo
Launcher Type: SUN_STANDARD

[Global flags]
     intx CICompilerCount                          = 3                                         {product} {ergonomic}
     uint ConcGCThreads                            = 1                                         {product} {ergonomic}
     uint G1ConcRefinementThreads                  = 4                                         {product} {ergonomic}
   size_t G1HeapRegionSize                         = 1048576                                   {product} {ergonomic}
    uintx GCDrainStackTargetSize                   = 64                                        {product} {ergonomic}
   size_t InitialHeapSize                          = 130023424                                 {product} {ergonomic}
   size_t MarkStackSize                            = 4194304                                   {product} {ergonomic}
   size_t MaxHeapSize                              = 2067791872                                {product} {ergonomic}
   size_t MaxNewSize                               = 1240465408                                {product} {ergonomic}
   size_t MinHeapDeltaBytes                        = 1048576                                   {product} {ergonomic}
   size_t MinHeapSize                              = 8388608                                   {product} {ergonomic}
    uintx NonNMethodCodeHeapSize                   = 5832780                                {pd product} {ergonomic}
    uintx NonProfiledCodeHeapSize                  = 122912730                              {pd product} {ergonomic}
    uintx ProfiledCodeHeapSize                     = 122912730                              {pd product} {ergonomic}
    uintx ReservedCodeCacheSize                    = 251658240                              {pd product} {ergonomic}
     bool SegmentedCodeCache                       = true                                      {product} {ergonomic}
   size_t SoftMaxHeapSize                          = 2067791872                             {manageable} {ergonomic}
     bool UseCompressedClassPointers               = true                           {product lp64_product} {ergonomic}
     bool UseCompressedOops                        = true                           {product lp64_product} {ergonomic}
     bool UseG1GC                                  = true                                      {product} {ergonomic}
     bool UseLargePagesIndividualAllocation        = false                                  {pd product} {ergonomic}

Logging:
Log output configuration:
 #0: stdout all=warning uptime,level,tags
 #1: stderr all=off uptime,level,tags

Environment Variables:
PATH=C:\Program Files\Common Files\Oracle\Java\javapath;C:\Program Files (x86)\Common Files\Oracle\Java\java8path;C:\Program Files (x86)\Common Files\Oracle\Java\javapath;C:\WINDOWS\system32;C:\WINDOWS;C:\WINDOWS\System32\Wbem;C:\WINDOWS\System32\WindowsPowerShell\v1.0\;C:\WINDOWS\System32\OpenSSH\;C:\Program Files\Java\jdk-17\bin;C:\Program Files\MySQL\MySQL Shell 8.0\bin\;C:\Users\LAPTOPS24\AppData\Local\Microsoft\WindowsApps;
USERNAME=LAPTOPS24
OS=Windows_NT
PROCESSOR_IDENTIFIER=Intel64 Family 6 Model 140 Stepping 1, GenuineIntel



---------------  S Y S T E M  ---------------

OS:
 Windows 11 , 64 bit Build 22621 (10.0.22621.3672)
OS uptime: 42 days 4:16 hours

CPU: total 4 (initial active 4) (2 cores per cpu, 2 threads per core) family 6 model 140 stepping 1 microcode 0xa6, cx8, cmov, fxsr, ht, mmx, 3dnowpref, sse, sse2, sse3, ssse3, sse4.1, sse4.2, popcnt, lzcnt, tsc, tscinvbit, avx, avx2, aes, erms, clmul, bmi1, bmi2, adx, avx512f, avx512dq, avx512cd, avx512bw, avx512vl, sha, fma, vzeroupper, avx512_vpopcntdq, avx512_vpclmulqdq, avx512_vaes, avx512_vnni, clflush, clflushopt, clwb, avx512_vbmi2, avx512_vbmi

Memory: 4k page, system-wide physical 7886M (433M free)
TotalPageFile size 20273M (AvailPageFile size 6M)
current process WorkingSet (physical memory assigned to process): 214M, peak: 219M
current process commit charge ("private bytes"): 246M, peak: 261M

vm_info: Java HotSpot(TM) 64-Bit Server VM (17.0.10+11-LTS-240) for windows-amd64 JRE (17.0.10+11-LTS-240), built on Dec 19 2023 21:47:25 by "mach5one" with MS VC++ 17.1 (VS2022)

END.
