#
# There is insufficient memory for the Java Runtime Environment to continue.
# Native memory allocation (malloc) failed to allocate 1073216 bytes for Chunk::new
# Possible reasons:
#   The system is out of physical RAM or swap space
#   The process is running with CompressedOops enabled, and the Java Heap may be blocking the growth of the native heap
# Possible solutions:
#   Reduce memory load on the system
#   Increase physical memory or swap space
#   Check if swap backing store is full
#   Decrease Java heap size (-Xmx/-Xms)
#   Decrease number of Java threads
#   Decrease Java thread stack sizes (-Xss)
#   Set larger code cache with -XX:ReservedCodeCacheSize=
#   JVM is running with Unscaled Compressed Oops mode in which the Java heap is
#     placed in the first 4GB address space. The Java Heap base address is the
#     maximum limit for the native heap growth. Please use -XX:HeapBaseMinAddress
#     to set the Java Heap base and to place the Java Heap above 4GB virtual address.
# This output file may be truncated or incomplete.
#
#  Out of Memory Error (arena.cpp:189), pid=36992, tid=48336
#
# JRE version: Java(TM) SE Runtime Environment (17.0.10+11) (build 17.0.10+11-LTS-240)
# Java VM: Java HotSpot(TM) 64-Bit Server VM (17.0.10+11-LTS-240, mixed mode, sharing, tiered, compressed oops, compressed class ptrs, g1 gc, windows-amd64)
# No core dump will be written. Minidumps are not enabled by default on client versions of Windows
#

---------------  S U M M A R Y ------------

Command Line: -javaagent:C:\Program Files\JetBrains\IntelliJ IDEA Community Edition 2024.2.0.2\lib\idea_rt.jar=50938:C:\Program Files\JetBrains\IntelliJ IDEA Community Edition 2024.2.0.2\bin -Dfile.encoding=UTF-8 com.api.RegistrationApplication

Host: 11th Gen Intel(R) Core(TM) i3-1115G4 @ 3.00GHz, 4 cores, 7G,  Windows 11 , 64 bit Build 22621 (10.0.22621.3672)
Time: Fri Sep 13 15:21:00 2024 India Standard Time elapsed time: 23.631114 seconds (0d 0h 0m 23s)

---------------  T H R E A D  ---------------

Current thread (0x000001237e8e28e0):  JavaThread "C2 CompilerThread0" daemon [_thread_in_native, id=48336, stack(0x0000001342700000,0x0000001342800000)]


Current CompileTask:
C2:  23631 5537       4       org.springframework.core.ResolvableType::hasGenerics (14 bytes)

Stack: [0x0000001342700000,0x0000001342800000]
Native frames: (J=compiled Java code, j=interpreted, Vv=VM code, C=native code)
V  [jvm.dll+0x677a5a]
V  [jvm.dll+0x7d8b2d]
V  [jvm.dll+0x7da48e]
V  [jvm.dll+0x7daaf3]
V  [jvm.dll+0x2455ff]
V  [jvm.dll+0xaaafb]
V  [jvm.dll+0xab09c]
V  [jvm.dll+0x2aafef]
V  [jvm.dll+0x57fd55]
V  [jvm.dll+0x220472]
V  [jvm.dll+0x21945f]
V  [jvm.dll+0x216c79]
V  [jvm.dll+0x1a3410]
V  [jvm.dll+0x226aeb]
V  [jvm.dll+0x224cab]
V  [jvm.dll+0x78e45c]
V  [jvm.dll+0x78888a]
V  [jvm.dll+0x676935]
C  [ucrtbase.dll+0x29333]
C  [KERNEL32.DLL+0x1257d]
C  [ntdll.dll+0x5af28]


---------------  P R O C E S S  ---------------

Threads class SMR info:
_java_thread_list=0x000001234650f550, length=32, elements={
0x000001237e8c9310, 0x000001237e8cc580, 0x000001237e8dbe30, 0x000001237e8de800,
0x000001237e8e1180, 0x000001237e8e1b40, 0x000001237e8e28e0, 0x000001237e8e42b0,
0x000001237e950660, 0x000001237e95e8c0, 0x000001237ecac7a0, 0x000001237ee5c240,
0x0000012345ed8640, 0x0000012345ed9060, 0x0000012345ed8b50, 0x0000012345ed67e0,
0x0000012345ed6cf0, 0x0000012345ed62d0, 0x0000012345ed7710, 0x0000012345ed7200,
0x00000123463d41d0, 0x00000123463d7e90, 0x00000123463d8dc0, 0x00000123463da710,
0x00000123463d6a50, 0x00000123463d92d0, 0x00000123463d4bf0, 0x00000123463da200,
0x00000123463d6540, 0x00000123463db130, 0x00000123463dac20, 0x00000123463db640
}

Java Threads: ( => current thread )
  0x000001237e8c9310 JavaThread "Reference Handler" daemon [_thread_blocked, id=37732, stack(0x0000001342100000,0x0000001342200000)]
  0x000001237e8cc580 JavaThread "Finalizer" daemon [_thread_blocked, id=53520, stack(0x0000001342200000,0x0000001342300000)]
  0x000001237e8dbe30 JavaThread "Signal Dispatcher" daemon [_thread_blocked, id=53128, stack(0x0000001342300000,0x0000001342400000)]
  0x000001237e8de800 JavaThread "Attach Listener" daemon [_thread_blocked, id=54200, stack(0x0000001342400000,0x0000001342500000)]
  0x000001237e8e1180 JavaThread "Service Thread" daemon [_thread_blocked, id=44840, stack(0x0000001342500000,0x0000001342600000)]
  0x000001237e8e1b40 JavaThread "Monitor Deflation Thread" daemon [_thread_blocked, id=53252, stack(0x0000001342600000,0x0000001342700000)]
=>0x000001237e8e28e0 JavaThread "C2 CompilerThread0" daemon [_thread_in_native, id=48336, stack(0x0000001342700000,0x0000001342800000)]
  0x000001237e8e42b0 JavaThread "C1 CompilerThread0" daemon [_thread_blocked, id=9428, stack(0x0000001342800000,0x0000001342900000)]
  0x000001237e950660 JavaThread "Sweeper thread" daemon [_thread_blocked, id=40820, stack(0x0000001342900000,0x0000001342a00000)]
  0x000001237e95e8c0 JavaThread "Common-Cleaner" daemon [_thread_blocked, id=43584, stack(0x0000001342a00000,0x0000001342b00000)]
  0x000001237ecac7a0 JavaThread "Monitor Ctrl-Break" daemon [_thread_in_native, id=47436, stack(0x0000001342c00000,0x0000001342d00000)]
  0x000001237ee5c240 JavaThread "Notification Thread" daemon [_thread_blocked, id=50624, stack(0x0000001342d00000,0x0000001342e00000)]
  0x0000012345ed8640 JavaThread "Catalina-utility-1" [_thread_blocked, id=17212, stack(0x0000001343400000,0x0000001343500000)]
  0x0000012345ed9060 JavaThread "Catalina-utility-2" [_thread_blocked, id=48124, stack(0x0000001343500000,0x0000001343600000)]
  0x0000012345ed8b50 JavaThread "container-0" [_thread_blocked, id=48852, stack(0x0000001343600000,0x0000001343700000)]
  0x0000012345ed67e0 JavaThread "mysql-cj-abandoned-connection-cleanup" daemon [_thread_blocked, id=29328, stack(0x0000001343700000,0x0000001343800000)]
  0x0000012345ed6cf0 JavaThread "HikariPool-1 housekeeper" daemon [_thread_blocked, id=46656, stack(0x0000001343900000,0x0000001343a00000)]
  0x0000012345ed62d0 JavaThread "File Watcher" daemon [_thread_blocked, id=32988, stack(0x0000001343b00000,0x0000001343c00000)]
  0x0000012345ed7710 JavaThread "Live Reload Server" daemon [_thread_in_native, id=8440, stack(0x0000001343d00000,0x0000001343e00000)]
  0x0000012345ed7200 JavaThread "http-nio-8080-exec-1" daemon [_thread_in_native, id=53400, stack(0x0000001343c00000,0x0000001343d00000)]
  0x00000123463d41d0 JavaThread "http-nio-8080-exec-2" daemon [_thread_blocked, id=30948, stack(0x0000001343e00000,0x0000001343f00000)]
  0x00000123463d7e90 JavaThread "http-nio-8080-exec-3" daemon [_thread_blocked, id=25816, stack(0x0000001343f00000,0x0000001344000000)]
  0x00000123463d8dc0 JavaThread "http-nio-8080-exec-4" daemon [_thread_blocked, id=45776, stack(0x0000001344000000,0x0000001344100000)]
  0x00000123463da710 JavaThread "http-nio-8080-exec-5" daemon [_thread_blocked, id=25304, stack(0x0000001344100000,0x0000001344200000)]
  0x00000123463d6a50 JavaThread "http-nio-8080-exec-6" daemon [_thread_blocked, id=30068, stack(0x0000001344200000,0x0000001344300000)]
  0x00000123463d92d0 JavaThread "http-nio-8080-exec-7" daemon [_thread_blocked, id=37504, stack(0x0000001344300000,0x0000001344400000)]
  0x00000123463d4bf0 JavaThread "http-nio-8080-exec-8" daemon [_thread_blocked, id=47264, stack(0x0000001344400000,0x0000001344500000)]
  0x00000123463da200 JavaThread "http-nio-8080-exec-9" daemon [_thread_blocked, id=52468, stack(0x0000001344500000,0x0000001344600000)]
  0x00000123463d6540 JavaThread "http-nio-8080-exec-10" daemon [_thread_blocked, id=46480, stack(0x0000001344600000,0x0000001344700000)]
  0x00000123463db130 JavaThread "http-nio-8080-Poller" daemon [_thread_in_native, id=47656, stack(0x0000001344700000,0x0000001344800000)]
  0x00000123463dac20 JavaThread "http-nio-8080-Acceptor" daemon [_thread_in_native, id=17956, stack(0x0000001344800000,0x0000001344900000)]
  0x00000123463db640 JavaThread "DestroyJavaVM" [_thread_blocked, id=32932, stack(0x0000001341a00000,0x0000001341b00000)]

Other Threads:
  0x000001237e8c50d0 VMThread "VM Thread" [stack: 0x0000001342000000,0x0000001342100000] [id=52460]
  0x000001237ed2cae0 WatcherThread [stack: 0x0000001342e00000,0x0000001342f00000] [id=40632]
  0x00000123612a2e10 GCTaskThread "GC Thread#0" [stack: 0x0000001341b00000,0x0000001341c00000] [id=43804]
  0x000001237f5e26e0 GCTaskThread "GC Thread#1" [stack: 0x0000001342f00000,0x0000001343000000] [id=39684]
  0x000001237f026940 GCTaskThread "GC Thread#2" [stack: 0x0000001343000000,0x0000001343100000] [id=46556]
  0x000001237f5abfc0 GCTaskThread "GC Thread#3" [stack: 0x0000001343100000,0x0000001343200000] [id=49384]
  0x00000123612b33e0 ConcurrentGCThread "G1 Main Marker" [stack: 0x0000001341c00000,0x0000001341d00000] [id=48844]
  0x00000123612b3df0 ConcurrentGCThread "G1 Conc#0" [stack: 0x0000001341d00000,0x0000001341e00000] [id=51260]
  0x0000012361309590 ConcurrentGCThread "G1 Refine#0" [stack: 0x0000001341e00000,0x0000001341f00000] [id=50592]
  0x000001237e7710a0 ConcurrentGCThread "G1 Service" [stack: 0x0000001341f00000,0x0000001342000000] [id=39836]

Threads with active compile tasks:
C2 CompilerThread0    23653 5537       4       org.springframework.core.ResolvableType::hasGenerics (14 bytes)

VM state: not at safepoint (normal execution)

VM Mutex/Monitor currently owned by a thread: None

Heap address: 0x0000000084c00000, size: 1972 MB, Compressed Oops mode: 32-bit

CDS archive(s) mapped at: [0x0000012300000000-0x0000012300bd0000-0x0000012300bd0000), size 12386304, SharedBaseAddress: 0x0000012300000000, ArchiveRelocationMode: 1.
Compressed class space mapped at: 0x0000012301000000-0x0000012341000000, reserved size: 1073741824
Narrow klass base: 0x0000012300000000, Narrow klass shift: 0, Narrow klass range: 0x100000000

GC Precious Log:
 CPUs: 4 total, 4 available
 Memory: 7886M
 Large Page Support: Disabled
 NUMA Support: Disabled
 Compressed Oops: Enabled (32-bit)
 Heap Region Size: 1M
 Heap Min Capacity: 8M
 Heap Initial Capacity: 124M
 Heap Max Capacity: 1972M
 Pre-touch: Disabled
 Parallel Workers: 4
 Concurrent Workers: 1
 Concurrent Refinement Workers: 4
 Periodic GC: Disabled

Heap:
 garbage-first heap   total 61440K, used 44221K [0x0000000084c00000, 0x0000000100000000)
  region size 1024K, 22 young (22528K), 4 survivors (4096K)
 Metaspace       used 65402K, committed 65984K, reserved 1114112K
  class space    used 8804K, committed 9088K, reserved 1048576K

Heap Regions: E=young(eden), S=young(survivor), O=old, HS=humongous(starts), HC=humongous(continues), CS=collection set, F=free, OA=open archive, CA=closed archive, TAMS=top-at-mark-start (previous, next)
|   0|0x0000000084c00000, 0x0000000084d00000, 0x0000000084d00000|100%|HS|  |TAMS 0x0000000084d00000, 0x0000000084c00000| Complete 
|   1|0x0000000084d00000, 0x0000000084e00000, 0x0000000084e00000|100%| O|  |TAMS 0x0000000084e00000, 0x0000000084d00000| Untracked 
|   2|0x0000000084e00000, 0x0000000084f00000, 0x0000000084f00000|100%| O|  |TAMS 0x0000000084f00000, 0x0000000084e00000| Untracked 
|   3|0x0000000084f00000, 0x0000000085000000, 0x0000000085000000|100%| O|  |TAMS 0x0000000085000000, 0x0000000084f00000| Untracked 
|   4|0x0000000085000000, 0x0000000085100000, 0x0000000085100000|100%| O|  |TAMS 0x0000000085100000, 0x0000000085000000| Untracked 
|   5|0x0000000085100000, 0x0000000085200000, 0x0000000085200000|100%| O|  |TAMS 0x0000000085200000, 0x0000000085100000| Untracked 
|   6|0x0000000085200000, 0x000000008527cc00, 0x0000000085300000| 48%| O|  |TAMS 0x000000008527cc00, 0x0000000085200000| Untracked 
|   7|0x0000000085300000, 0x0000000085400000, 0x0000000085400000|100%| O|  |TAMS 0x0000000085400000, 0x0000000085300000| Untracked 
|   8|0x0000000085400000, 0x0000000085500000, 0x0000000085500000|100%| O|  |TAMS 0x0000000085500000, 0x0000000085400000| Untracked 
|   9|0x0000000085500000, 0x0000000085600000, 0x0000000085600000|100%| O|  |TAMS 0x0000000085600000, 0x0000000085500000| Untracked 
|  10|0x0000000085600000, 0x0000000085700000, 0x0000000085700000|100%| O|  |TAMS 0x0000000085700000, 0x0000000085600000| Untracked 
|  11|0x0000000085700000, 0x0000000085800000, 0x0000000085800000|100%| O|  |TAMS 0x0000000085800000, 0x0000000085700000| Untracked 
|  12|0x0000000085800000, 0x0000000085900000, 0x0000000085900000|100%| O|  |TAMS 0x0000000085900000, 0x0000000085800000| Untracked 
|  13|0x0000000085900000, 0x0000000085a00000, 0x0000000085a00000|100%| O|  |TAMS 0x0000000085a00000, 0x0000000085900000| Untracked 
|  14|0x0000000085a00000, 0x0000000085b00000, 0x0000000085b00000|100%| O|  |TAMS 0x0000000085b00000, 0x0000000085a00000| Untracked 
|  15|0x0000000085b00000, 0x0000000085c00000, 0x0000000085c00000|100%| O|  |TAMS 0x0000000085c00000, 0x0000000085b00000| Untracked 
|  16|0x0000000085c00000, 0x0000000085d00000, 0x0000000085d00000|100%| O|  |TAMS 0x0000000085d00000, 0x0000000085c00000| Untracked 
|  17|0x0000000085d00000, 0x0000000085e00000, 0x0000000085e00000|100%| O|  |TAMS 0x0000000085d5b800, 0x0000000085d00000| Untracked 
|  18|0x0000000085e00000, 0x0000000085f00000, 0x0000000085f00000|100%| O|  |TAMS 0x0000000085e00000, 0x0000000085e00000| Untracked 
|  19|0x0000000085f00000, 0x0000000086000000, 0x0000000086000000|100%| O|  |TAMS 0x0000000085f00000, 0x0000000085f00000| Untracked 
|  20|0x0000000086000000, 0x0000000086100000, 0x0000000086100000|100%| O|  |TAMS 0x0000000086000000, 0x0000000086000000| Untracked 
|  21|0x0000000086100000, 0x0000000086200000, 0x0000000086200000|100%| O|  |TAMS 0x0000000086100000, 0x0000000086100000| Untracked 
|  22|0x0000000086200000, 0x00000000862b2800, 0x0000000086300000| 69%| O|  |TAMS 0x0000000086200000, 0x0000000086200000| Untracked 
|  23|0x0000000086300000, 0x0000000086300000, 0x0000000086400000|  0%| F|  |TAMS 0x0000000086300000, 0x0000000086300000| Untracked 
|  24|0x0000000086400000, 0x0000000086400000, 0x0000000086500000|  0%| F|  |TAMS 0x0000000086400000, 0x0000000086400000| Untracked 
|  25|0x0000000086500000, 0x0000000086500000, 0x0000000086600000|  0%| F|  |TAMS 0x0000000086500000, 0x0000000086500000| Untracked 
|  26|0x0000000086600000, 0x0000000086600000, 0x0000000086700000|  0%| F|  |TAMS 0x0000000086600000, 0x0000000086600000| Untracked 
|  27|0x0000000086700000, 0x0000000086700000, 0x0000000086800000|  0%| F|  |TAMS 0x0000000086700000, 0x0000000086700000| Untracked 
|  28|0x0000000086800000, 0x0000000086800000, 0x0000000086900000|  0%| F|  |TAMS 0x0000000086800000, 0x0000000086800000| Untracked 
|  29|0x0000000086900000, 0x0000000086900000, 0x0000000086a00000|  0%| F|  |TAMS 0x0000000086900000, 0x0000000086900000| Untracked 
|  30|0x0000000086a00000, 0x0000000086b00000, 0x0000000086b00000|100%| S|CS|TAMS 0x0000000086a00000, 0x0000000086a00000| Complete 
|  31|0x0000000086b00000, 0x0000000086b00000, 0x0000000086c00000|  0%| F|  |TAMS 0x0000000086b00000, 0x0000000086b00000| Untracked 
|  32|0x0000000086c00000, 0x0000000086c00000, 0x0000000086d00000|  0%| F|  |TAMS 0x0000000086c00000, 0x0000000086c00000| Untracked 
|  33|0x0000000086d00000, 0x0000000086e00000, 0x0000000086e00000|100%| S|CS|TAMS 0x0000000086d00000, 0x0000000086d00000| Complete 
|  34|0x0000000086e00000, 0x0000000086f00000, 0x0000000086f00000|100%| S|CS|TAMS 0x0000000086e00000, 0x0000000086e00000| Complete 
|  35|0x0000000086f00000, 0x0000000086f00000, 0x0000000087000000|  0%| F|  |TAMS 0x0000000086f00000, 0x0000000086f00000| Untracked 
|  36|0x0000000087000000, 0x0000000087100000, 0x0000000087100000|100%| S|CS|TAMS 0x0000000087000000, 0x0000000087000000| Complete 
|  37|0x0000000087100000, 0x0000000087100000, 0x0000000087200000|  0%| F|  |TAMS 0x0000000087100000, 0x0000000087100000| Untracked 
|  38|0x0000000087200000, 0x0000000087200000, 0x0000000087300000|  0%| F|  |TAMS 0x0000000087200000, 0x0000000087200000| Untracked 
|  39|0x0000000087300000, 0x0000000087300000, 0x0000000087400000|  0%| F|  |TAMS 0x0000000087300000, 0x0000000087300000| Untracked 
|  40|0x0000000087400000, 0x0000000087400000, 0x0000000087500000|  0%| F|  |TAMS 0x0000000087400000, 0x0000000087400000| Untracked 
|  41|0x0000000087500000, 0x0000000087500000, 0x0000000087600000|  0%| F|  |TAMS 0x0000000087500000, 0x0000000087500000| Untracked 
|  42|0x0000000087600000, 0x0000000087674ae0, 0x0000000087700000| 45%| E|  |TAMS 0x0000000087600000, 0x0000000087600000| Complete 
|  43|0x0000000087700000, 0x0000000087800000, 0x0000000087800000|100%| E|CS|TAMS 0x0000000087700000, 0x0000000087700000| Complete 
|  44|0x0000000087800000, 0x0000000087900000, 0x0000000087900000|100%| E|CS|TAMS 0x0000000087800000, 0x0000000087800000| Complete 
|  45|0x0000000087900000, 0x0000000087a00000, 0x0000000087a00000|100%| E|CS|TAMS 0x0000000087900000, 0x0000000087900000| Complete 
|  46|0x0000000087a00000, 0x0000000087b00000, 0x0000000087b00000|100%| E|CS|TAMS 0x0000000087a00000, 0x0000000087a00000| Complete 
|  47|0x0000000087b00000, 0x0000000087c00000, 0x0000000087c00000|100%| E|CS|TAMS 0x0000000087b00000, 0x0000000087b00000| Complete 
|  48|0x0000000087c00000, 0x0000000087d00000, 0x0000000087d00000|100%| E|CS|TAMS 0x0000000087c00000, 0x0000000087c00000| Complete 
|  49|0x0000000087d00000, 0x0000000087e00000, 0x0000000087e00000|100%| E|CS|TAMS 0x0000000087d00000, 0x0000000087d00000| Complete 
|  50|0x0000000087e00000, 0x0000000087f00000, 0x0000000087f00000|100%| E|CS|TAMS 0x0000000087e00000, 0x0000000087e00000| Complete 
|  51|0x0000000087f00000, 0x0000000088000000, 0x0000000088000000|100%| E|CS|TAMS 0x0000000087f00000, 0x0000000087f00000| Complete 
|  61|0x0000000088900000, 0x0000000088a00000, 0x0000000088a00000|100%| E|CS|TAMS 0x0000000088900000, 0x0000000088900000| Complete 
|  62|0x0000000088a00000, 0x0000000088b00000, 0x0000000088b00000|100%| E|CS|TAMS 0x0000000088a00000, 0x0000000088a00000| Complete 
|  63|0x0000000088b00000, 0x0000000088c00000, 0x0000000088c00000|100%| E|CS|TAMS 0x0000000088b00000, 0x0000000088b00000| Complete 
|  64|0x0000000088c00000, 0x0000000088d00000, 0x0000000088d00000|100%| E|CS|TAMS 0x0000000088c00000, 0x0000000088c00000| Complete 
|  65|0x0000000088d00000, 0x0000000088e00000, 0x0000000088e00000|100%| E|CS|TAMS 0x0000000088d00000, 0x0000000088d00000| Complete 
|  66|0x0000000088e00000, 0x0000000088f00000, 0x0000000088f00000|100%| E|CS|TAMS 0x0000000088e00000, 0x0000000088e00000| Complete 
|  67|0x0000000088f00000, 0x0000000089000000, 0x0000000089000000|100%| E|CS|TAMS 0x0000000088f00000, 0x0000000088f00000| Complete 
| 123|0x000000008c700000, 0x000000008c800000, 0x000000008c800000|100%| E|CS|TAMS 0x000000008c700000, 0x000000008c700000| Complete 

Card table byte_map: [0x0000012377ed0000,0x00000123782b0000] _byte_map_base: 0x0000012377aaa000

Marking Bits (Prev, Next): (CMBitMap*) 0x00000123612a3470, (CMBitMap*) 0x00000123612a3430
 Prev Bits: [0x000001237a560000, 0x000001237c430000)
 Next Bits: [0x0000012378690000, 0x000001237a560000)

Polling page: 0x0000012360a10000

Metaspace:

Usage:
  Non-class:     55.28 MB used.
      Class:      8.60 MB used.
       Both:     63.88 MB used.

Virtual space:
  Non-class space:       64.00 MB reserved,      55.56 MB ( 87%) committed,  1 nodes.
      Class space:        1.00 GB reserved,       8.88 MB ( <1%) committed,  1 nodes.
             Both:        1.06 GB reserved,      64.44 MB (  6%) committed. 

Chunk freelists:
   Non-Class:  8.39 MB
       Class:  7.08 MB
        Both:  15.47 MB

MaxMetaspaceSize: unlimited
CompressedClassSpaceSize: 1.00 GB
Initial GC threshold: 21.00 MB
Current GC threshold: 76.25 MB
CDS: on
MetaspaceReclaimPolicy: balanced
 - commit_granule_bytes: 65536.
 - commit_granule_words: 8192.
 - virtual_space_node_default_size: 8388608.
 - enlarge_chunks_in_place: 1.
 - new_chunks_are_fully_committed: 0.
 - uncommit_free_chunks: 1.
 - use_allocation_guard: 0.
 - handle_deallocations: 1.


Internal statistics:

num_allocs_failed_limit: 9.
num_arena_births: 738.
num_arena_deaths: 0.
num_vsnodes_births: 2.
num_vsnodes_deaths: 0.
num_space_committed: 1031.
num_space_uncommitted: 0.
num_chunks_returned_to_freelist: 9.
num_chunks_taken_from_freelist: 3005.
num_chunk_merges: 9.
num_chunk_splits: 2201.
num_chunks_enlarged: 1725.
num_inconsistent_stats: 0.

CodeHeap 'non-profiled nmethods': size=120000Kb used=3162Kb max_used=3162Kb free=116837Kb
 bounds [0x00000123705c0000, 0x0000012370920000, 0x0000012377af0000]
CodeHeap 'profiled nmethods': size=120000Kb used=9492Kb max_used=10808Kb free=110507Kb
 bounds [0x0000012368af0000, 0x0000012369580000, 0x0000012370020000]
CodeHeap 'non-nmethods': size=5760Kb used=1366Kb max_used=1413Kb free=4393Kb
 bounds [0x0000012370020000, 0x0000012370290000, 0x00000123705c0000]
 total_blobs=5430 nmethods=4747 adapters=595
 compilation: enabled
              stopped_count=0, restarted_count=0
 full_count=0

Compilation events (20 events):
Event: 23.436 Thread 0x000001237e8e42b0 5542       3       sun.reflect.annotation.AnnotationParser$$Lambda$272/0x00000123010e3590::get (16 bytes)
Event: 23.436 Thread 0x000001237e8e42b0 nmethod 5542 0x0000012368cae590 code [0x0000012368cae740, 0x0000012368cae8e8]
Event: 23.436 Thread 0x000001237e8e42b0 5543       3       sun.reflect.annotation.AnnotationParser::lambda$parseClassArray$0 (7 bytes)
Event: 23.436 Thread 0x000001237e8e42b0 nmethod 5543 0x0000012368c17b90 code [0x0000012368c17d20, 0x0000012368c17e28]
Event: 23.436 Thread 0x000001237e8e42b0 5544       3       org.springframework.core.annotation.AnnotationTypeMapping::processAliases (199 bytes)
Event: 23.437 Thread 0x000001237e8e42b0 nmethod 5544 0x0000012368d10590 code [0x0000012368d10820, 0x0000012368d115d8]
Event: 23.437 Thread 0x000001237e8e42b0 5545       3       org.springframework.core.annotation.AttributeMethods::isAttributeMethod (23 bytes)
Event: 23.437 Thread 0x000001237e8e42b0 nmethod 5545 0x0000012368d0fe10 code [0x0000012368d0ffc0, 0x0000012368d101d8]
Event: 23.447 Thread 0x000001237e8e28e0 nmethod 5533% 0x000001237062ca90 code [0x000001237062ccc0, 0x000001237062dfd0]
Event: 23.448 Thread 0x000001237e8e28e0 5536   !   4       org.springframework.beans.factory.support.DefaultSingletonBeanRegistry::getSingleton (147 bytes)
Event: 23.450 Thread 0x000001237e8e42b0 5546       3       java.nio.charset.CharsetDecoder::reset (11 bytes)
Event: 23.450 Thread 0x000001237e8e42b0 nmethod 5546 0x0000012368c17710 code [0x0000012368c178a0, 0x0000012368c17a98]
Event: 23.450 Thread 0x000001237e8e42b0 5547       3       java.nio.charset.CharsetDecoder::implReset (1 bytes)
Event: 23.450 Thread 0x000001237e8e42b0 nmethod 5547 0x0000012368c17290 code [0x0000012368c17420, 0x0000012368c17538]
Event: 23.450 Thread 0x000001237e8e42b0 5548       1       org.apache.tomcat.util.http.MimeHeaderField::getName (5 bytes)
Event: 23.450 Thread 0x000001237e8e42b0 nmethod 5548 0x0000012370777690 code [0x0000012370777820, 0x00000123707778f8]
Event: 23.476 Thread 0x000001237e8e28e0 nmethod 5536 0x0000012370714010 code [0x0000012370714280, 0x0000012370715c90]
Event: 23.477 Thread 0x000001237e8e28e0 5541       4       sun.reflect.annotation.AnnotationInvocationHandler::invoke (178 bytes)
Event: 23.508 Thread 0x000001237e8e28e0 nmethod 5541 0x0000012370795490 code [0x0000012370795700, 0x0000012370796808]
Event: 23.508 Thread 0x000001237e8e28e0 5537       4       org.springframework.core.ResolvableType::hasGenerics (14 bytes)

GC Heap History (20 events):
Event: 0.988 GC heap before
{Heap before GC invocations=2 (full 0):
 garbage-first heap   total 126976K, used 30959K [0x0000000084c00000, 0x0000000100000000)
  region size 1024K, 25 young (25600K), 1 survivors (1024K)
 Metaspace       used 12371K, committed 12608K, reserved 1114112K
  class space    used 1482K, committed 1600K, reserved 1048576K
}
Event: 0.991 GC heap after
{Heap after GC invocations=3 (full 0):
 garbage-first heap   total 126976K, used 9455K [0x0000000084c00000, 0x0000000100000000)
  region size 1024K, 3 young (3072K), 3 survivors (3072K)
 Metaspace       used 12371K, committed 12608K, reserved 1114112K
  class space    used 1482K, committed 1600K, reserved 1048576K
}
Event: 2.179 GC heap before
{Heap before GC invocations=3 (full 0):
 garbage-first heap   total 126976K, used 62703K [0x0000000084c00000, 0x0000000100000000)
  region size 1024K, 56 young (57344K), 3 survivors (3072K)
 Metaspace       used 21203K, committed 21504K, reserved 1114112K
  class space    used 2591K, committed 2752K, reserved 1048576K
}
Event: 2.188 GC heap after
{Heap after GC invocations=4 (full 0):
 garbage-first heap   total 126976K, used 13445K [0x0000000084c00000, 0x0000000100000000)
  region size 1024K, 7 young (7168K), 7 survivors (7168K)
 Metaspace       used 21203K, committed 21504K, reserved 1114112K
  class space    used 2591K, committed 2752K, reserved 1048576K
}
Event: 2.799 GC heap before
{Heap before GC invocations=5 (full 0):
 garbage-first heap   total 51200K, used 36997K [0x0000000084c00000, 0x0000000100000000)
  region size 1024K, 30 young (30720K), 7 survivors (7168K)
 Metaspace       used 25123K, committed 25408K, reserved 1114112K
  class space    used 3189K, committed 3328K, reserved 1048576K
}
Event: 2.810 GC heap after
{Heap after GC invocations=6 (full 0):
 garbage-first heap   total 51200K, used 16017K [0x0000000084c00000, 0x0000000100000000)
  region size 1024K, 3 young (3072K), 3 survivors (3072K)
 Metaspace       used 25123K, committed 25408K, reserved 1114112K
  class space    used 3189K, committed 3328K, reserved 1048576K
}
Event: 3.276 GC heap before
{Heap before GC invocations=6 (full 0):
 garbage-first heap   total 51200K, used 35473K [0x0000000084c00000, 0x0000000100000000)
  region size 1024K, 22 young (22528K), 3 survivors (3072K)
 Metaspace       used 28646K, committed 29056K, reserved 1114112K
  class space    used 3638K, committed 3840K, reserved 1048576K
}
Event: 3.282 GC heap after
{Heap after GC invocations=7 (full 0):
 garbage-first heap   total 61440K, used 17524K [0x0000000084c00000, 0x0000000100000000)
  region size 1024K, 2 young (2048K), 2 survivors (2048K)
 Metaspace       used 28646K, committed 29056K, reserved 1114112K
  class space    used 3638K, committed 3840K, reserved 1048576K
}
Event: 3.792 GC heap before
{Heap before GC invocations=7 (full 0):
 garbage-first heap   total 61440K, used 44148K [0x0000000084c00000, 0x0000000100000000)
  region size 1024K, 28 young (28672K), 2 survivors (2048K)
 Metaspace       used 34415K, committed 34880K, reserved 1114112K
  class space    used 4523K, committed 4736K, reserved 1048576K
}
Event: 3.796 GC heap after
{Heap after GC invocations=8 (full 0):
 garbage-first heap   total 61440K, used 18652K [0x0000000084c00000, 0x0000000100000000)
  region size 1024K, 3 young (3072K), 3 survivors (3072K)
 Metaspace       used 34415K, committed 34880K, reserved 1114112K
  class space    used 4523K, committed 4736K, reserved 1048576K
}
Event: 3.896 GC heap before
{Heap before GC invocations=8 (full 0):
 garbage-first heap   total 61440K, used 22748K [0x0000000084c00000, 0x0000000100000000)
  region size 1024K, 8 young (8192K), 3 survivors (3072K)
 Metaspace       used 35564K, committed 35968K, reserved 1114112K
  class space    used 4729K, committed 4928K, reserved 1048576K
}
Event: 3.902 GC heap after
{Heap after GC invocations=9 (full 0):
 garbage-first heap   total 61440K, used 19005K [0x0000000084c00000, 0x0000000100000000)
  region size 1024K, 2 young (2048K), 2 survivors (2048K)
 Metaspace       used 35564K, committed 35968K, reserved 1114112K
  class space    used 4729K, committed 4928K, reserved 1048576K
}
Event: 4.631 GC heap before
{Heap before GC invocations=10 (full 0):
 garbage-first heap   total 61440K, used 45629K [0x0000000084c00000, 0x0000000100000000)
  region size 1024K, 29 young (29696K), 2 survivors (2048K)
 Metaspace       used 46370K, committed 46784K, reserved 1114112K
  class space    used 6085K, committed 6272K, reserved 1048576K
}
Event: 4.637 GC heap after
{Heap after GC invocations=11 (full 0):
 garbage-first heap   total 61440K, used 21527K [0x0000000084c00000, 0x0000000100000000)
  region size 1024K, 4 young (4096K), 4 survivors (4096K)
 Metaspace       used 46370K, committed 46784K, reserved 1114112K
  class space    used 6085K, committed 6272K, reserved 1048576K
}
Event: 5.158 GC heap before
{Heap before GC invocations=12 (full 0):
 garbage-first heap   total 61440K, used 46103K [0x0000000084c00000, 0x0000000100000000)
  region size 1024K, 29 young (29696K), 4 survivors (4096K)
 Metaspace       used 53248K, committed 53696K, reserved 1114112K
  class space    used 7113K, committed 7296K, reserved 1048576K
}
Event: 5.164 GC heap after
{Heap after GC invocations=13 (full 0):
 garbage-first heap   total 61440K, used 22988K [0x0000000084c00000, 0x0000000100000000)
  region size 1024K, 2 young (2048K), 2 survivors (2048K)
 Metaspace       used 53248K, committed 53696K, reserved 1114112K
  class space    used 7113K, committed 7296K, reserved 1048576K
}
Event: 5.604 GC heap before
{Heap before GC invocations=13 (full 0):
 garbage-first heap   total 61440K, used 46540K [0x0000000084c00000, 0x0000000100000000)
  region size 1024K, 26 young (26624K), 2 survivors (2048K)
 Metaspace       used 59048K, committed 59584K, reserved 1114112K
  class space    used 7898K, committed 8128K, reserved 1048576K
}
Event: 5.608 GC heap after
{Heap after GC invocations=14 (full 0):
 garbage-first heap   total 61440K, used 24431K [0x0000000084c00000, 0x0000000100000000)
  region size 1024K, 3 young (3072K), 3 survivors (3072K)
 Metaspace       used 59048K, committed 59584K, reserved 1114112K
  class space    used 7898K, committed 8128K, reserved 1048576K
}
Event: 6.116 GC heap before
{Heap before GC invocations=14 (full 0):
 garbage-first heap   total 61440K, used 47983K [0x0000000084c00000, 0x0000000100000000)
  region size 1024K, 26 young (26624K), 3 survivors (3072K)
 Metaspace       used 62208K, committed 62784K, reserved 1114112K
  class space    used 8379K, committed 8640K, reserved 1048576K
}
Event: 6.123 GC heap after
{Heap after GC invocations=15 (full 0):
 garbage-first heap   total 61440K, used 26813K [0x0000000084c00000, 0x0000000100000000)
  region size 1024K, 4 young (4096K), 4 survivors (4096K)
 Metaspace       used 62208K, committed 62784K, reserved 1114112K
  class space    used 8379K, committed 8640K, reserved 1048576K
}

Deoptimization events (20 events):
Event: 6.222 Thread 0x0000012345057980 DEOPT PACKING pc=0x00000123706f7dbc sp=0x00000013433fd8d0
Event: 6.222 Thread 0x0000012345057980 DEOPT UNPACKING pc=0x0000012370075ba3 sp=0x00000013433fd860 mode 2
Event: 6.363 Thread 0x0000012345057980 DEOPT PACKING pc=0x0000012368d0168d sp=0x00000013433fdd50
Event: 6.363 Thread 0x0000012345057980 DEOPT UNPACKING pc=0x00000123700766e3 sp=0x00000013433fd210 mode 0
Event: 6.366 Thread 0x0000012345057980 Uncommon trap: trap_request=0xffffff45 fr.pc=0x00000123706d74f4 relative=0x0000000000003674
Event: 6.366 Thread 0x0000012345057980 Uncommon trap: reason=unstable_if action=reinterpret pc=0x00000123706d74f4 method=org.springframework.util.ReflectionUtils.lambda$static$0(Ljava/lang/reflect/Method;)Z @ 4 c2
Event: 6.366 Thread 0x0000012345057980 DEOPT PACKING pc=0x00000123706d74f4 sp=0x00000013433fdf80
Event: 6.366 Thread 0x0000012345057980 DEOPT UNPACKING pc=0x0000012370075ba3 sp=0x00000013433fdf28 mode 2
Event: 6.374 Thread 0x0000012345057980 Uncommon trap: trap_request=0xffffff45 fr.pc=0x000001237062f1e0 relative=0x0000000000000060
Event: 6.374 Thread 0x0000012345057980 Uncommon trap: reason=unstable_if action=reinterpret pc=0x000001237062f1e0 method=org.springframework.util.ConcurrentReferenceHashMap$Segment.clear()V @ 7 c2
Event: 6.374 Thread 0x0000012345057980 DEOPT PACKING pc=0x000001237062f1e0 sp=0x00000013433fe240
Event: 6.374 Thread 0x0000012345057980 DEOPT UNPACKING pc=0x0000012370075ba3 sp=0x00000013433fe1d0 mode 2
Event: 6.378 Thread 0x0000012345057980 Uncommon trap: trap_request=0xffffff54 fr.pc=0x000001237064d47c relative=0x000000000000033c
Event: 6.378 Thread 0x0000012345057980 Uncommon trap: reason=speculate_null_assert action=make_not_entrant pc=0x000001237064d47c method=org.springframework.util.ConcurrentReferenceHashMap$Segment.restructureIfNecessary(Z)V @ 41 c2
Event: 6.378 Thread 0x0000012345057980 DEOPT PACKING pc=0x000001237064d47c sp=0x00000013433fdf40
Event: 6.378 Thread 0x0000012345057980 DEOPT UNPACKING pc=0x0000012370075ba3 sp=0x00000013433fdf08 mode 2
Event: 6.426 Thread 0x0000012345057980 Uncommon trap: trap_request=0xffffff45 fr.pc=0x0000012370845690 relative=0x00000000000000f0
Event: 6.426 Thread 0x0000012345057980 Uncommon trap: reason=unstable_if action=reinterpret pc=0x0000012370845690 method=java.util.ArrayList.indexOfRange(Ljava/lang/Object;II)I @ 7 c2
Event: 6.426 Thread 0x0000012345057980 DEOPT PACKING pc=0x0000012370845690 sp=0x00000013433fdc90
Event: 6.426 Thread 0x0000012345057980 DEOPT UNPACKING pc=0x0000012370075ba3 sp=0x00000013433fdc10 mode 2

Classes unloaded (0 events):
No events

Classes redefined (0 events):
No events

Internal exceptions (20 events):
Event: 5.347 Thread 0x0000012345057980 Exception <a 'java/lang/NoSuchMethodError'{0x0000000087d122a0}: 'java.lang.Object java.lang.invoke.Invokers$Holder.linkToTargetMethod(java.lang.Object, java.lang.Object, java.lang.Object, java.lang.Object, java.lang.Object, java.lang.Object, int, java.lang.Object)'> (0x0000000087d122a0) 
thrown [s\open\src\hotspot\share\interpreter\linkResolver.cpp, line 759]
Event: 5.362 Thread 0x0000012345057980 Exception <a 'java/lang/NoSuchMethodError'{0x0000000087ddd990}: 'void java.lang.invoke.DirectMethodHandle$Holder.invokeInterface(java.lang.Object, java.lang.Object)'> (0x0000000087ddd990) 
thrown [s\open\src\hotspot\share\interpreter\linkResolver.cpp, line 759]
Event: 5.504 Thread 0x0000012345057980 Exception <a 'java/lang/IncompatibleClassChangeError'{0x00000000875a1058}: Found class java.lang.Object, but interface was expected> (0x00000000875a1058) 
thrown [s\open\src\hotspot\share\interpreter\linkResolver.cpp, line 826]
Event: 5.514 Thread 0x0000012345057980 Exception <a 'java/lang/IncompatibleClassChangeError'{0x0000000087423930}: Found class java.lang.Object, but interface was expected> (0x0000000087423930) 
thrown [s\open\src\hotspot\share\interpreter\linkResolver.cpp, line 826]
Event: 5.538 Thread 0x0000012345057980 Exception <a 'java/lang/IncompatibleClassChangeError'{0x0000000087396758}: Found class java.lang.Object, but interface was expected> (0x0000000087396758) 
thrown [s\open\src\hotspot\share\interpreter\linkResolver.cpp, line 826]
Event: 5.677 Thread 0x0000012345057980 Exception <a 'java/lang/IncompatibleClassChangeError'{0x0000000088d03680}: Found class java.lang.Object, but interface was expected> (0x0000000088d03680) 
thrown [s\open\src\hotspot\share\interpreter\linkResolver.cpp, line 826]
Event: 5.719 Thread 0x0000012345057980 Exception <a 'java/lang/NoSuchMethodError'{0x0000000088b64940}: 'java.lang.Object java.lang.invoke.Invokers$Holder.invoker(java.lang.Object, java.lang.Object, java.lang.Object, java.lang.Object)'> (0x0000000088b64940) 
thrown [s\open\src\hotspot\share\interpreter\linkResolver.cpp, line 759]
Event: 5.720 Thread 0x0000012345057980 Exception <a 'java/lang/NoSuchMethodError'{0x0000000088b6dd90}: 'int java.lang.invoke.DirectMethodHandle$Holder.invokeStatic(java.lang.Object, java.lang.Object, int)'> (0x0000000088b6dd90) 
thrown [s\open\src\hotspot\share\interpreter\linkResolver.cpp, line 759]
Event: 5.721 Thread 0x0000012345057980 Exception <a 'java/lang/NoSuchMethodError'{0x0000000088b71d70}: 'int java.lang.invoke.DirectMethodHandle$Holder.invokeSpecial(java.lang.Object, java.lang.Object, java.lang.Object, int)'> (0x0000000088b71d70) 
thrown [s\open\src\hotspot\share\interpreter\linkResolver.cpp, line 759]
Event: 5.722 Thread 0x0000012345057980 Exception <a 'java/lang/NoSuchMethodError'{0x0000000088b841e0}: 'java.lang.Object java.lang.invoke.DirectMethodHandle$Holder.invokeStatic(java.lang.Object, java.lang.Object, java.lang.Object, java.lang.Object, int)'> (0x0000000088b841e0) 
thrown [s\open\src\hotspot\share\interpreter\linkResolver.cpp, line 759]
Event: 5.722 Thread 0x0000012345057980 Exception <a 'java/lang/NoSuchMethodError'{0x0000000088b8eba0}: 'void java.lang.invoke.DelegatingMethodHandle$Holder.reinvoke_L(java.lang.Object, java.lang.Object, int)'> (0x0000000088b8eba0) 
thrown [s\open\src\hotspot\share\interpreter\linkResolver.cpp, line 759]
Event: 5.723 Thread 0x0000012345057980 Exception <a 'java/lang/NoSuchMethodError'{0x0000000088b9c898}: 'java.lang.Object java.lang.invoke.Invokers$Holder.invokeExact_MT(java.lang.Object, java.lang.Object, java.lang.Object, java.lang.Object)'> (0x0000000088b9c898) 
thrown [s\open\src\hotspot\share\interpreter\linkResolver.cpp, line 759]
Event: 5.923 Thread 0x0000012345057980 Exception <a 'sun/nio/fs/WindowsException'{0x00000000879aa2a0}> (0x00000000879aa2a0) 
thrown [s\open\src\hotspot\share\prims\jni.cpp, line 516]
Event: 5.989 Thread 0x0000012345057980 Exception <a 'java/lang/IncompatibleClassChangeError'{0x00000000875b1358}: Found class java.lang.Object, but interface was expected> (0x00000000875b1358) 
thrown [s\open\src\hotspot\share\interpreter\linkResolver.cpp, line 826]
Event: 6.053 Thread 0x0000012345057980 Exception <a 'java/lang/NoSuchMethodError'{0x000000008735d1f0}: 'void java.lang.invoke.DirectMethodHandle$Holder.invokeVirtual(java.lang.Object, java.lang.Object, long)'> (0x000000008735d1f0) 
thrown [s\open\src\hotspot\share\interpreter\linkResolver.cpp, line 759]
Event: 6.209 Thread 0x0000012345057980 Exception <a 'java/lang/IncompatibleClassChangeError'{0x0000000088e19018}: Found class java.lang.Object, but interface was expected> (0x0000000088e19018) 
thrown [s\open\src\hotspot\share\interpreter\linkResolver.cpp, line 826]
Event: 6.222 Thread 0x0000012345057980 Implicit null exception at 0x00000123706f7bba to 0x00000123706f7da8
Event: 6.382 Thread 0x0000012345057980 Exception <a 'java/lang/NoSuchMethodError'{0x0000000088921798}: 'java.lang.Object java.lang.invoke.DirectMethodHandle$Holder.newInvokeSpecial(java.lang.Object, java.lang.Object, int, java.lang.Object, java.lang.Object)'> (0x0000000088921798) 
thrown [s\open\src\hotspot\share\interpreter\linkResolver.cpp, line 759]
Event: 23.375 Thread 0x00000123463d41d0 Exception <a 'java/lang/NoSuchMethodError'{0x0000000087cf5d98}: 'java.lang.Object java.lang.invoke.DirectMethodHandle$Holder.invokeSpecial(java.lang.Object, java.lang.Object, java.lang.Object, java.lang.Object, java.lang.Object, long)'> (0x0000000087cf5d98) 
thrown [s\open\src\hotspot\share\interpreter\linkResolver.cpp, line 759]
Event: 23.375 Thread 0x00000123463d41d0 Exception <a 'java/lang/NoSuchMethodError'{0x0000000087cf97d8}: 'java.lang.Object java.lang.invoke.Invokers$Holder.linkToTargetMethod(java.lang.Object, java.lang.Object, java.lang.Object, long, java.lang.Object)'> (0x0000000087cf97d8) 
thrown [s\open\src\hotspot\share\interpreter\linkResolver.cpp, line 759]

VM Operations (20 events):
Event: 5.961 Executing VM operation: ICBufferFull
Event: 5.961 Executing VM operation: ICBufferFull done
Event: 6.090 Executing VM operation: HandshakeAllThreads
Event: 6.090 Executing VM operation: HandshakeAllThreads done
Event: 6.116 Executing VM operation: G1CollectForAllocation
Event: 6.123 Executing VM operation: G1CollectForAllocation done
Event: 6.377 Executing VM operation: HandshakeAllThreads
Event: 6.378 Executing VM operation: HandshakeAllThreads done
Event: 7.385 Executing VM operation: Cleanup
Event: 7.385 Executing VM operation: Cleanup done
Event: 21.488 Executing VM operation: Cleanup
Event: 21.488 Executing VM operation: Cleanup done
Event: 23.391 Executing VM operation: HandshakeAllThreads
Event: 23.391 Executing VM operation: HandshakeAllThreads done
Event: 23.391 Executing VM operation: Cleanup
Event: 23.391 Executing VM operation: Cleanup done
Event: 23.441 Executing VM operation: HandshakeAllThreads
Event: 23.441 Executing VM operation: HandshakeAllThreads done
Event: 23.474 Executing VM operation: HandshakeAllThreads
Event: 23.474 Executing VM operation: HandshakeAllThreads done

Events (20 events):
Event: 23.378 loading class sun/nio/cs/ThreadLocalCoders$1
Event: 23.378 loading class sun/nio/cs/ThreadLocalCoders$Cache
Event: 23.378 loading class sun/nio/cs/ThreadLocalCoders$Cache done
Event: 23.378 loading class sun/nio/cs/ThreadLocalCoders$1 done
Event: 23.378 loading class sun/nio/cs/ThreadLocalCoders$2
Event: 23.378 loading class sun/nio/cs/ThreadLocalCoders$2 done
Event: 23.447 loading class java/time/format/DateTimeFormatterBuilder$ZoneTextPrinterParser
Event: 23.448 loading class java/time/format/DateTimeFormatterBuilder$ZoneTextPrinterParser done
Event: 23.449 loading class java/time/format/DateTimeFormatterBuilder$ReducedPrinterParser
Event: 23.449 loading class java/time/format/DateTimeFormatterBuilder$ReducedPrinterParser done
Event: 23.451 loading class java/io/PushbackInputStream
Event: 23.451 loading class java/io/PushbackInputStream done
Event: 23.452 loading class java/util/OptionalLong
Event: 23.452 loading class java/util/OptionalLong done
Event: 23.452 loading class java/util/OptionalDouble
Event: 23.453 loading class java/util/OptionalDouble done
Event: 23.457 loading class org/w3c/dom/Node
Event: 23.457 loading class org/w3c/dom/Node done
Event: 23.457 loading class org/w3c/dom/Document
Event: 23.458 loading class org/w3c/dom/Document done


Dynamic libraries:
0x00007ff74df30000 - 0x00007ff74df40000 	C:\Program Files\Java\jdk-17\bin\java.exe
0x00007ffe1a830000 - 0x00007ffe1aa47000 	C:\WINDOWS\SYSTEM32\ntdll.dll
0x00007ffe19a20000 - 0x00007ffe19ae4000 	C:\WINDOWS\System32\KERNEL32.DLL
0x00007ffe17d90000 - 0x00007ffe1813d000 	C:\WINDOWS\System32\KERNELBASE.dll
0x00007ffe17bd0000 - 0x00007ffe17ce1000 	C:\WINDOWS\System32\ucrtbase.dll
0x00007ffe0bb10000 - 0x00007ffe0bb2b000 	C:\Program Files\Java\jdk-17\bin\VCRUNTIME140.dll
0x00007ffe10500000 - 0x00007ffe10519000 	C:\Program Files\Java\jdk-17\bin\jli.dll
0x00007ffe19590000 - 0x00007ffe19642000 	C:\WINDOWS\System32\ADVAPI32.dll
0x00007ffe192a0000 - 0x00007ffe19347000 	C:\WINDOWS\System32\msvcrt.dll
0x00007ffe1a620000 - 0x00007ffe1a6c9000 	C:\WINDOWS\System32\sechost.dll
0x00007ffe18230000 - 0x00007ffe18258000 	C:\WINDOWS\System32\bcrypt.dll
0x00007ffe1a6d0000 - 0x00007ffe1a7e4000 	C:\WINDOWS\System32\RPCRT4.dll
0x00007ffe19bd0000 - 0x00007ffe19d7e000 	C:\WINDOWS\System32\USER32.dll
0x00007ffe18200000 - 0x00007ffe18226000 	C:\WINDOWS\System32\win32u.dll
0x00007ffe190b0000 - 0x00007ffe190d9000 	C:\WINDOWS\System32\GDI32.dll
0x00007ffe18450000 - 0x00007ffe18569000 	C:\WINDOWS\System32\gdi32full.dll
0x00007ffe17cf0000 - 0x00007ffe17d8a000 	C:\WINDOWS\System32\msvcp_win.dll
0x00007ffdfca30000 - 0x00007ffdfccc3000 	C:\WINDOWS\WinSxS\amd64_microsoft.windows.common-controls_6595b64144ccf1df_6.0.22621.3672_none_2713b9d173822955\COMCTL32.dll
0x00007ffe07870000 - 0x00007ffe0787a000 	C:\WINDOWS\SYSTEM32\VERSION.dll
0x00007ffe19650000 - 0x00007ffe19681000 	C:\WINDOWS\System32\IMM32.DLL
0x00007ffe148a0000 - 0x00007ffe148ac000 	C:\Program Files\Java\jdk-17\bin\vcruntime140_1.dll
0x00007ffe012b0000 - 0x00007ffe0133e000 	C:\Program Files\Java\jdk-17\bin\msvcp140.dll
0x00007ffd8fb40000 - 0x00007ffd9071f000 	C:\Program Files\Java\jdk-17\bin\server\jvm.dll
0x00007ffe18570000 - 0x00007ffe18578000 	C:\WINDOWS\System32\PSAPI.DLL
0x00007ffe10380000 - 0x00007ffe103b4000 	C:\WINDOWS\SYSTEM32\WINMM.dll
0x00007ffde2d30000 - 0x00007ffde2d39000 	C:\WINDOWS\SYSTEM32\WSOCK32.dll
0x00007ffe19350000 - 0x00007ffe193c1000 	C:\WINDOWS\System32\WS2_32.dll
0x00007ffe16b90000 - 0x00007ffe16ba8000 	C:\WINDOWS\SYSTEM32\kernel.appcore.dll
0x00007ffdfeb90000 - 0x00007ffdfeb9a000 	C:\Program Files\Java\jdk-17\bin\jimage.dll
0x00007ffe154f0000 - 0x00007ffe15722000 	C:\WINDOWS\SYSTEM32\DBGHELP.DLL
0x00007ffe19690000 - 0x00007ffe19a18000 	C:\WINDOWS\System32\combase.dll
0x00007ffe190e0000 - 0x00007ffe191b7000 	C:\WINDOWS\System32\OLEAUT32.dll
0x00007ffe0d5a0000 - 0x00007ffe0d5d2000 	C:\WINDOWS\SYSTEM32\dbgcore.DLL
0x00007ffe18260000 - 0x00007ffe182db000 	C:\WINDOWS\System32\bcryptPrimitives.dll
0x00007ffe105a0000 - 0x00007ffe105ae000 	C:\Program Files\Java\jdk-17\bin\instrument.dll
0x00007ffdc9930000 - 0x00007ffdc9955000 	C:\Program Files\Java\jdk-17\bin\java.dll
0x00007ffdc1b90000 - 0x00007ffdc1c67000 	C:\Program Files\Java\jdk-17\bin\jsvml.dll
0x00007ffe186a0000 - 0x00007ffe18eff000 	C:\WINDOWS\System32\SHELL32.dll
0x00007ffe15ab0000 - 0x00007ffe163ac000 	C:\WINDOWS\SYSTEM32\windows.storage.dll
0x00007ffe15970000 - 0x00007ffe15aaf000 	C:\WINDOWS\SYSTEM32\wintypes.dll
0x00007ffe18fb0000 - 0x00007ffe190a4000 	C:\WINDOWS\System32\SHCORE.dll
0x00007ffe19f30000 - 0x00007ffe19f8e000 	C:\WINDOWS\System32\shlwapi.dll
0x00007ffe17a90000 - 0x00007ffe17ab1000 	C:\WINDOWS\SYSTEM32\profapi.dll
0x00007ffdc1440000 - 0x00007ffdc1458000 	C:\Program Files\Java\jdk-17\bin\zip.dll
0x00007ffdc1b70000 - 0x00007ffdc1b89000 	C:\Program Files\Java\jdk-17\bin\net.dll
0x00007ffe13270000 - 0x00007ffe133a6000 	C:\WINDOWS\SYSTEM32\WINHTTP.dll
0x00007ffe17000000 - 0x00007ffe17069000 	C:\WINDOWS\system32\mswsock.dll
0x00007ffdc1ad0000 - 0x00007ffdc1ae6000 	C:\Program Files\Java\jdk-17\bin\nio.dll
0x00007ffe07180000 - 0x00007ffe0719a000 	C:\Program Files\JetBrains\IntelliJ IDEA Community Edition 2024.2.0.2\bin\breakgen64.dll
0x00007ffe104f0000 - 0x00007ffe104fa000 	C:\Program Files\Java\jdk-17\bin\management.dll
0x00007ffe0e040000 - 0x00007ffe0e04b000 	C:\Program Files\Java\jdk-17\bin\management_ext.dll
0x00007ffe017c0000 - 0x00007ffe017ce000 	C:\Program Files\Java\jdk-17\bin\sunmscapi.dll
0x00007ffe182e0000 - 0x00007ffe18447000 	C:\WINDOWS\System32\CRYPT32.dll
0x00007ffe17420000 - 0x00007ffe1744e000 	C:\WINDOWS\SYSTEM32\ncrypt.dll
0x00007ffe173e0000 - 0x00007ffe17417000 	C:\WINDOWS\SYSTEM32\NTASN1.dll
0x00007ffe17260000 - 0x00007ffe1727b000 	C:\WINDOWS\SYSTEM32\CRYPTSP.dll
0x00007ffe16af0000 - 0x00007ffe16b25000 	C:\WINDOWS\system32\rsaenh.dll
0x00007ffe17100000 - 0x00007ffe17128000 	C:\WINDOWS\SYSTEM32\USERENV.dll
0x00007ffe17280000 - 0x00007ffe1728c000 	C:\WINDOWS\SYSTEM32\CRYPTBASE.dll
0x00007ffe16650000 - 0x00007ffe1667d000 	C:\WINDOWS\SYSTEM32\IPHLPAPI.DLL
0x00007ffe18690000 - 0x00007ffe18699000 	C:\WINDOWS\System32\NSI.dll
0x00007ffe11370000 - 0x00007ffe11389000 	C:\WINDOWS\SYSTEM32\dhcpcsvc6.DLL
0x00007ffe11350000 - 0x00007ffe1136f000 	C:\WINDOWS\SYSTEM32\dhcpcsvc.DLL
0x00007ffe16680000 - 0x00007ffe16778000 	C:\WINDOWS\SYSTEM32\DNSAPI.dll
0x00007ffe112a0000 - 0x00007ffe112b0000 	C:\Program Files\Java\jdk-17\bin\verify.dll
0x00007ffe0ec90000 - 0x00007ffe0ec9a000 	C:\Windows\System32\rasadhlp.dll
0x00007ffe10060000 - 0x00007ffe100e3000 	C:\WINDOWS\System32\fwpuclnt.dll
0x00007ffe0e030000 - 0x00007ffe0e038000 	C:\WINDOWS\system32\wshunix.dll

dbghelp: loaded successfully - version: 4.0.5 - missing functions: none
symbol engine: initialized successfully - sym options: 0x614 - pdb path: .;C:\Program Files\Java\jdk-17\bin;C:\WINDOWS\SYSTEM32;C:\WINDOWS\WinSxS\amd64_microsoft.windows.common-controls_6595b64144ccf1df_6.0.22621.3672_none_2713b9d173822955;C:\Program Files\Java\jdk-17\bin\server;C:\Program Files\JetBrains\IntelliJ IDEA Community Edition 2024.2.0.2\bin

VM Arguments:
jvm_args: -javaagent:C:\Program Files\JetBrains\IntelliJ IDEA Community Edition 2024.2.0.2\lib\idea_rt.jar=50938:C:\Program Files\JetBrains\IntelliJ IDEA Community Edition 2024.2.0.2\bin -Dfile.encoding=UTF-8 
java_command: com.api.RegistrationApplication
java_class_path (initial): D:\registration api\registration (1)\registration\target\classes;C:\Users\LAPTOPS24\.m2\repository\org\springframework\boot\spring-boot-starter-data-jpa\3.3.3\spring-boot-starter-data-jpa-3.3.3.jar;C:\Users\LAPTOPS24\.m2\repository\org\springframework\boot\spring-boot-starter-aop\3.3.3\spring-boot-starter-aop-3.3.3.jar;C:\Users\LAPTOPS24\.m2\repository\org\springframework\spring-aop\6.1.12\spring-aop-6.1.12.jar;C:\Users\LAPTOPS24\.m2\repository\org\aspectj\aspectjweaver\1.9.22.1\aspectjweaver-1.9.22.1.jar;C:\Users\LAPTOPS24\.m2\repository\org\springframework\boot\spring-boot-starter-jdbc\3.3.3\spring-boot-starter-jdbc-3.3.3.jar;C:\Users\LAPTOPS24\.m2\repository\com\zaxxer\HikariCP\5.1.0\HikariCP-5.1.0.jar;C:\Users\LAPTOPS24\.m2\repository\org\springframework\spring-jdbc\6.1.12\spring-jdbc-6.1.12.jar;C:\Users\LAPTOPS24\.m2\repository\org\hibernate\orm\hibernate-core\6.5.2.Final\hibernate-core-6.5.2.Final.jar;C:\Users\LAPTOPS24\.m2\repository\jakarta\persistence\jakarta.persistence-api\3.1.0\jakarta.persistence-api-3.1.0.jar;C:\Users\LAPTOPS24\.m2\repository\jakarta\transaction\jakarta.transaction-api\2.0.1\jakarta.transaction-api-2.0.1.jar;C:\Users\LAPTOPS24\.m2\repository\org\jboss\logging\jboss-logging\3.5.3.Final\jboss-logging-3.5.3.Final.jar;C:\Users\LAPTOPS24\.m2\repository\org\hibernate\common\hibernate-commons-annotations\6.0.6.Final\hibernate-commons-annotations-6.0.6.Final.jar;C:\Users\LAPTOPS24\.m2\repository\io\smallrye\jandex\3.1.2\jandex-3.1.2.jar;C:\Users\LAPTOPS24\.m2\repository\com\fasterxml\classmate\1.7.0\classmate-1.7.0.jar;C:\Users\LAPTOPS24\.m2\repository\net\bytebuddy\byte-buddy\1.14.19\byte-buddy-1.14.19.jar;C:\Users\LAPTOPS24\.m2\repository\org\glassfish\jaxb\jaxb-runtime\4.0.5\jaxb-runtime-4.0.5.jar;C:\Users\LAPTOPS24\.m2\repository\org\glassfish\jaxb\jaxb-core\4.0.5\jaxb-core-4.0.5.jar;C:\Users\LAPTOPS24\.m2\repository\org\eclipse\angus\angus-activation\2.0.2\angus-activation-2.0.2.jar;C:\Users\LAPTOPS24\.m2\repo
Launcher Type: SUN_STANDARD

[Global flags]
     intx CICompilerCount                          = 3                                         {product} {ergonomic}
     uint ConcGCThreads                            = 1                                         {product} {ergonomic}
     uint G1ConcRefinementThreads                  = 4                                         {product} {ergonomic}
   size_t G1HeapRegionSize                         = 1048576                                   {product} {ergonomic}
    uintx GCDrainStackTargetSize                   = 64                                        {product} {ergonomic}
   size_t InitialHeapSize                          = 130023424                                 {product} {ergonomic}
   size_t MarkStackSize                            = 4194304                                   {product} {ergonomic}
   size_t MaxHeapSize                              = 2067791872                                {product} {ergonomic}
   size_t MaxNewSize                               = 1240465408                                {product} {ergonomic}
   size_t MinHeapDeltaBytes                        = 1048576                                   {product} {ergonomic}
   size_t MinHeapSize                              = 8388608                                   {product} {ergonomic}
    uintx NonNMethodCodeHeapSize                   = 5832780                                {pd product} {ergonomic}
    uintx NonProfiledCodeHeapSize                  = 122912730                              {pd product} {ergonomic}
    uintx ProfiledCodeHeapSize                     = 122912730                              {pd product} {ergonomic}
    uintx ReservedCodeCacheSize                    = 251658240                              {pd product} {ergonomic}
     bool SegmentedCodeCache                       = true                                      {product} {ergonomic}
   size_t SoftMaxHeapSize                          = 2067791872                             {manageable} {ergonomic}
     bool UseCompressedClassPointers               = true                           {product lp64_product} {ergonomic}
     bool UseCompressedOops                        = true                           {product lp64_product} {ergonomic}
     bool UseG1GC                                  = true                                      {product} {ergonomic}
     bool UseLargePagesIndividualAllocation        = false                                  {pd product} {ergonomic}

Logging:
Log output configuration:
 #0: stdout all=warning uptime,level,tags
 #1: stderr all=off uptime,level,tags

Environment Variables:
PATH=C:\Program Files\Common Files\Oracle\Java\javapath;C:\Program Files (x86)\Common Files\Oracle\Java\java8path;C:\Program Files (x86)\Common Files\Oracle\Java\javapath;C:\WINDOWS\system32;C:\WINDOWS;C:\WINDOWS\System32\Wbem;C:\WINDOWS\System32\WindowsPowerShell\v1.0\;C:\WINDOWS\System32\OpenSSH\;C:\Program Files\Java\jdk-17\bin;C:\Program Files\MySQL\MySQL Shell 8.0\bin\;C:\Users\LAPTOPS24\AppData\Local\Microsoft\WindowsApps;
USERNAME=LAPTOPS24
OS=Windows_NT
PROCESSOR_IDENTIFIER=Intel64 Family 6 Model 140 Stepping 1, GenuineIntel



---------------  S Y S T E M  ---------------

OS:
 Windows 11 , 64 bit Build 22621 (10.0.22621.3672)
OS uptime: 42 days 4:17 hours

CPU: total 4 (initial active 4) (2 cores per cpu, 2 threads per core) family 6 model 140 stepping 1 microcode 0xa6, cx8, cmov, fxsr, ht, mmx, 3dnowpref, sse, sse2, sse3, ssse3, sse4.1, sse4.2, popcnt, lzcnt, tsc, tscinvbit, avx, avx2, aes, erms, clmul, bmi1, bmi2, adx, avx512f, avx512dq, avx512cd, avx512bw, avx512vl, sha, fma, vzeroupper, avx512_vpopcntdq, avx512_vpclmulqdq, avx512_vaes, avx512_vnni, clflush, clflushopt, clwb, avx512_vbmi2, avx512_vbmi

Memory: 4k page, system-wide physical 7886M (325M free)
TotalPageFile size 20273M (AvailPageFile size 14M)
current process WorkingSet (physical memory assigned to process): 230M, peak: 260M
current process commit charge ("private bytes"): 262M, peak: 291M

vm_info: Java HotSpot(TM) 64-Bit Server VM (17.0.10+11-LTS-240) for windows-amd64 JRE (17.0.10+11-LTS-240), built on Dec 19 2023 21:47:25 by "mach5one" with MS VC++ 17.1 (VS2022)

END.
